<?xml version="1.0" encoding="UTF-8"?>
<testsuite xmlns:xsi="http://www.w3.org/2001/XMLSchema-instance" xsi:noNamespaceSchemaLocation="https://maven.apache.org/surefire/maven-surefire-plugin/xsd/surefire-test-report-3.0.xsd" version="3.0" name="com.example.application.it.LoginE2ETest" time="13.976" tests="2" errors="2" skipped="0" failures="0">
  <properties>
    <property name="java.specification.version" value="19"/>
    <property name="sun.cpu.isalist" value="amd64"/>
    <property name="sun.jnu.encoding" value="Cp1252"/>
    <property name="java.class.path" value="D:\Users\Bruno\Documents\workspace-spring-tool-suite-4-4.18.0.RELEASE\flow-crm-tutorial\flow-crm-tutorial\target\test-classes;D:\Users\Bruno\Documents\workspace-spring-tool-suite-4-4.18.0.RELEASE\flow-crm-tutorial\flow-crm-tutorial\target\classes;C:\Users\Bruno\.m2\repository\com\vaadin\vaadin-core\24.1.4\vaadin-core-24.1.4.jar;C:\Users\Bruno\.m2\repository\com\vaadin\vaadin-core-internal\24.1.4\vaadin-core-internal-24.1.4.jar;C:\Users\Bruno\.m2\repository\com\vaadin\flow-server\24.1.5\flow-server-24.1.5.jar;C:\Users\Bruno\.m2\repository\com\vaadin\servletdetector\throw-if-servlet3\1.0.2\throw-if-servlet3-1.0.2.jar;C:\Users\Bruno\.m2\repository\com\vaadin\flow-commons-upload\24.1.5\flow-commons-upload-24.1.5.jar;C:\Users\Bruno\.m2\repository\com\fasterxml\jackson\core\jackson-core\2.15.0\jackson-core-2.15.0.jar;C:\Users\Bruno\.m2\repository\com\fasterxml\jackson\core\jackson-databind\2.15.0\jackson-databind-2.15.0.jar;C:\Users\Bruno\.m2\repository\com\fasterxml\jackson\core\jackson-annotations\2.15.0\jackson-annotations-2.15.0.jar;C:\Users\Bruno\.m2\repository\org\jsoup\jsoup\1.16.1\jsoup-1.16.1.jar;C:\Users\Bruno\.m2\repository\com\helger\ph-css\7.0.0\ph-css-7.0.0.jar;C:\Users\Bruno\.m2\repository\com\helger\commons\ph-commons\11.0.1\ph-commons-11.0.1.jar;C:\Users\Bruno\.m2\repository\org\ow2\asm\asm\9.5\asm-9.5.jar;C:\Users\Bruno\.m2\repository\com\vaadin\external\gentyref\1.2.0.vaadin1\gentyref-1.2.0.vaadin1.jar;C:\Users\Bruno\.m2\repository\org\apache\commons\commons-compress\1.23.0\commons-compress-1.23.0.jar;C:\Users\Bruno\.m2\repository\org\apache\httpcomponents\httpclient\4.5.14\httpclient-4.5.14.jar;C:\Users\Bruno\.m2\repository\org\apache\httpcomponents\httpcore\4.4.16\httpcore-4.4.16.jar;C:\Users\Bruno\.m2\repository\commons-logging\commons-logging\1.2\commons-logging-1.2.jar;C:\Users\Bruno\.m2\repository\com\vaadin\flow-lit-template\24.1.5\flow-lit-template-24.1.5.jar;C:\Users\Bruno\.m2\repository\com\vaadin\flow-push\24.1.5\flow-push-24.1.5.jar;C:\Users\Bruno\.m2\repository\com\vaadin\external\atmosphere\atmosphere-runtime\3.0.3.slf4jvaadin1\atmosphere-runtime-3.0.3.slf4jvaadin1.jar;C:\Users\Bruno\.m2\repository\com\vaadin\flow-client\24.1.5\flow-client-24.1.5.jar;C:\Users\Bruno\.m2\repository\com\vaadin\flow-html-components\24.1.5\flow-html-components-24.1.5.jar;C:\Users\Bruno\.m2\repository\com\vaadin\flow-data\24.1.5\flow-data-24.1.5.jar;C:\Users\Bruno\.m2\repository\com\vaadin\flow-dnd\24.1.5\flow-dnd-24.1.5.jar;C:\Users\Bruno\.m2\repository\com\vaadin\vaadin-lumo-theme\24.1.4\vaadin-lumo-theme-24.1.4.jar;C:\Users\Bruno\.m2\repository\com\vaadin\vaadin-material-theme\24.1.4\vaadin-material-theme-24.1.4.jar;C:\Users\Bruno\.m2\repository\com\vaadin\vaadin-accordion-flow\24.1.4\vaadin-accordion-flow-24.1.4.jar;C:\Users\Bruno\.m2\repository\com\vaadin\vaadin-avatar-flow\24.1.4\vaadin-avatar-flow-24.1.4.jar;C:\Users\Bruno\.m2\repository\com\vaadin\vaadin-flow-components-base\24.1.4\vaadin-flow-components-base-24.1.4.jar;C:\Users\Bruno\.m2\repository\com\vaadin\vaadin-button-flow\24.1.4\vaadin-button-flow-24.1.4.jar;C:\Users\Bruno\.m2\repository\com\vaadin\vaadin-checkbox-flow\24.1.4\vaadin-checkbox-flow-24.1.4.jar;C:\Users\Bruno\.m2\repository\com\vaadin\vaadin-combo-box-flow\24.1.4\vaadin-combo-box-flow-24.1.4.jar;C:\Users\Bruno\.m2\repository\com\vaadin\vaadin-confirm-dialog-flow\24.1.4\vaadin-confirm-dialog-flow-24.1.4.jar;C:\Users\Bruno\.m2\repository\com\vaadin\vaadin-custom-field-flow\24.1.4\vaadin-custom-field-flow-24.1.4.jar;C:\Users\Bruno\.m2\repository\com\vaadin\vaadin-date-picker-flow\24.1.4\vaadin-date-picker-flow-24.1.4.jar;C:\Users\Bruno\.m2\repository\com\vaadin\vaadin-date-time-picker-flow\24.1.4\vaadin-date-time-picker-flow-24.1.4.jar;C:\Users\Bruno\.m2\repository\com\vaadin\vaadin-details-flow\24.1.4\vaadin-details-flow-24.1.4.jar;C:\Users\Bruno\.m2\repository\com\vaadin\vaadin-time-picker-flow\24.1.4\vaadin-time-picker-flow-24.1.4.jar;C:\Users\Bruno\.m2\repository\com\vaadin\vaadin-select-flow\24.1.4\vaadin-select-flow-24.1.4.jar;C:\Users\Bruno\.m2\repository\com\vaadin\vaadin-side-nav-flow\24.1.4\vaadin-side-nav-flow-24.1.4.jar;C:\Users\Bruno\.m2\repository\com\vaadin\vaadin-dialog-flow\24.1.4\vaadin-dialog-flow-24.1.4.jar;C:\Users\Bruno\.m2\repository\com\vaadin\vaadin-form-layout-flow\24.1.4\vaadin-form-layout-flow-24.1.4.jar;C:\Users\Bruno\.m2\repository\com\vaadin\vaadin-field-highlighter-flow\24.1.4\vaadin-field-highlighter-flow-24.1.4.jar;C:\Users\Bruno\.m2\repository\com\vaadin\vaadin-grid-flow\24.1.4\vaadin-grid-flow-24.1.4.jar;C:\Users\Bruno\.m2\repository\org\apache\commons\commons-lang3\3.12.0\commons-lang3-3.12.0.jar;C:\Users\Bruno\.m2\repository\com\vaadin\vaadin-icons-flow\24.1.4\vaadin-icons-flow-24.1.4.jar;C:\Users\Bruno\.m2\repository\com\vaadin\vaadin-virtual-list-flow\24.1.4\vaadin-virtual-list-flow-24.1.4.jar;C:\Users\Bruno\.m2\repository\com\vaadin\vaadin-list-box-flow\24.1.4\vaadin-list-box-flow-24.1.4.jar;C:\Users\Bruno\.m2\repository\com\vaadin\vaadin-login-flow\24.1.4\vaadin-login-flow-24.1.4.jar;C:\Users\Bruno\.m2\repository\com\vaadin\vaadin-messages-flow\24.1.4\vaadin-messages-flow-24.1.4.jar;C:\Users\Bruno\.m2\repository\com\vaadin\vaadin-ordered-layout-flow\24.1.4\vaadin-ordered-layout-flow-24.1.4.jar;C:\Users\Bruno\.m2\repository\com\vaadin\vaadin-progress-bar-flow\24.1.4\vaadin-progress-bar-flow-24.1.4.jar;C:\Users\Bruno\.m2\repository\com\vaadin\vaadin-radio-button-flow\24.1.4\vaadin-radio-button-flow-24.1.4.jar;C:\Users\Bruno\.m2\repository\com\vaadin\vaadin-renderer-flow\24.1.4\vaadin-renderer-flow-24.1.4.jar;C:\Users\Bruno\.m2\repository\com\vaadin\vaadin-split-layout-flow\24.1.4\vaadin-split-layout-flow-24.1.4.jar;C:\Users\Bruno\.m2\repository\com\vaadin\vaadin-tabs-flow\24.1.4\vaadin-tabs-flow-24.1.4.jar;C:\Users\Bruno\.m2\repository\com\vaadin\vaadin-text-field-flow\24.1.4\vaadin-text-field-flow-24.1.4.jar;C:\Users\Bruno\.m2\repository\com\vaadin\vaadin-upload-flow\24.1.4\vaadin-upload-flow-24.1.4.jar;C:\Users\Bruno\.m2\repository\com\vaadin\vaadin-notification-flow\24.1.4\vaadin-notification-flow-24.1.4.jar;C:\Users\Bruno\.m2\repository\com\vaadin\vaadin-app-layout-flow\24.1.4\vaadin-app-layout-flow-24.1.4.jar;C:\Users\Bruno\.m2\repository\com\vaadin\vaadin-context-menu-flow\24.1.4\vaadin-context-menu-flow-24.1.4.jar;C:\Users\Bruno\.m2\repository\com\vaadin\vaadin-menu-bar-flow\24.1.4\vaadin-menu-bar-flow-24.1.4.jar;C:\Users\Bruno\.m2\repository\com\vaadin\vaadin-spring-boot-starter\24.1.4\vaadin-spring-boot-starter-24.1.4.jar;C:\Users\Bruno\.m2\repository\com\vaadin\vaadin-spring\24.1.5\vaadin-spring-24.1.5.jar;C:\Users\Bruno\.m2\repository\org\springframework\spring-webmvc\6.0.9\spring-webmvc-6.0.9.jar;C:\Users\Bruno\.m2\repository\org\springframework\spring-websocket\6.0.9\spring-websocket-6.0.9.jar;C:\Users\Bruno\.m2\repository\org\reflections\reflections\0.10.2\reflections-0.10.2.jar;C:\Users\Bruno\.m2\repository\com\google\code\findbugs\jsr305\3.0.2\jsr305-3.0.2.jar;C:\Users\Bruno\.m2\repository\org\springframework\boot\spring-boot-starter-web\3.1.0\spring-boot-starter-web-3.1.0.jar;C:\Users\Bruno\.m2\repository\org\springframework\boot\spring-boot-starter-json\3.1.0\spring-boot-starter-json-3.1.0.jar;C:\Users\Bruno\.m2\repository\com\fasterxml\jackson\datatype\jackson-datatype-jdk8\2.15.0\jackson-datatype-jdk8-2.15.0.jar;C:\Users\Bruno\.m2\repository\com\fasterxml\jackson\datatype\jackson-datatype-jsr310\2.15.0\jackson-datatype-jsr310-2.15.0.jar;C:\Users\Bruno\.m2\repository\com\fasterxml\jackson\module\jackson-module-parameter-names\2.15.0\jackson-module-parameter-names-2.15.0.jar;C:\Users\Bruno\.m2\repository\org\springframework\boot\spring-boot-starter-tomcat\3.1.0\spring-boot-starter-tomcat-3.1.0.jar;C:\Users\Bruno\.m2\repository\org\apache\tomcat\embed\tomcat-embed-core\10.1.8\tomcat-embed-core-10.1.8.jar;C:\Users\Bruno\.m2\repository\org\apache\tomcat\embed\tomcat-embed-websocket\10.1.8\tomcat-embed-websocket-10.1.8.jar;C:\Users\Bruno\.m2\repository\org\springframework\spring-web\6.0.9\spring-web-6.0.9.jar;C:\Users\Bruno\.m2\repository\io\micrometer\micrometer-observation\1.11.0\micrometer-observation-1.11.0.jar;C:\Users\Bruno\.m2\repository\io\micrometer\micrometer-commons\1.11.0\micrometer-commons-1.11.0.jar;C:\Users\Bruno\.m2\repository\org\parttio\line-awesome\1.1.0\line-awesome-1.1.0.jar;C:\Users\Bruno\.m2\repository\com\h2database\h2\2.1.214\h2-2.1.214.jar;C:\Users\Bruno\.m2\repository\org\springframework\boot\spring-boot-starter-data-jpa\3.1.0\spring-boot-starter-data-jpa-3.1.0.jar;C:\Users\Bruno\.m2\repository\org\springframework\boot\spring-boot-starter-aop\3.1.0\spring-boot-starter-aop-3.1.0.jar;C:\Users\Bruno\.m2\repository\org\aspectj\aspectjweaver\1.9.19\aspectjweaver-1.9.19.jar;C:\Users\Bruno\.m2\repository\org\springframework\boot\spring-boot-starter-jdbc\3.1.0\spring-boot-starter-jdbc-3.1.0.jar;C:\Users\Bruno\.m2\repository\com\zaxxer\HikariCP\5.0.1\HikariCP-5.0.1.jar;C:\Users\Bruno\.m2\repository\org\springframework\spring-jdbc\6.0.9\spring-jdbc-6.0.9.jar;C:\Users\Bruno\.m2\repository\org\hibernate\orm\hibernate-core\6.2.2.Final\hibernate-core-6.2.2.Final.jar;C:\Users\Bruno\.m2\repository\jakarta\persistence\jakarta.persistence-api\3.1.0\jakarta.persistence-api-3.1.0.jar;C:\Users\Bruno\.m2\repository\jakarta\transaction\jakarta.transaction-api\2.0.1\jakarta.transaction-api-2.0.1.jar;C:\Users\Bruno\.m2\repository\org\jboss\logging\jboss-logging\3.5.0.Final\jboss-logging-3.5.0.Final.jar;C:\Users\Bruno\.m2\repository\org\hibernate\common\hibernate-commons-annotations\6.0.6.Final\hibernate-commons-annotations-6.0.6.Final.jar;C:\Users\Bruno\.m2\repository\io\smallrye\jandex\3.0.5\jandex-3.0.5.jar;C:\Users\Bruno\.m2\repository\com\fasterxml\classmate\1.5.1\classmate-1.5.1.jar;C:\Users\Bruno\.m2\repository\net\bytebuddy\byte-buddy\1.14.4\byte-buddy-1.14.4.jar;C:\Users\Bruno\.m2\repository\org\glassfish\jaxb\jaxb-runtime\4.0.2\jaxb-runtime-4.0.2.jar;C:\Users\Bruno\.m2\repository\org\glassfish\jaxb\jaxb-core\4.0.2\jaxb-core-4.0.2.jar;C:\Users\Bruno\.m2\repository\org\eclipse\angus\angus-activation\2.0.0\angus-activation-2.0.0.jar;C:\Users\Bruno\.m2\repository\org\glassfish\jaxb\txw2\4.0.2\txw2-4.0.2.jar;C:\Users\Bruno\.m2\repository\com\sun\istack\istack-commons-runtime\4.1.1\istack-commons-runtime-4.1.1.jar;C:\Users\Bruno\.m2\repository\jakarta\inject\jakarta.inject-api\2.0.1\jakarta.inject-api-2.0.1.jar;C:\Users\Bruno\.m2\repository\org\antlr\antlr4-runtime\4.10.1\antlr4-runtime-4.10.1.jar;C:\Users\Bruno\.m2\repository\org\springframework\data\spring-data-jpa\3.1.0\spring-data-jpa-3.1.0.jar;C:\Users\Bruno\.m2\repository\org\springframework\data\spring-data-commons\3.1.0\spring-data-commons-3.1.0.jar;C:\Users\Bruno\.m2\repository\org\springframework\spring-orm\6.0.9\spring-orm-6.0.9.jar;C:\Users\Bruno\.m2\repository\org\springframework\spring-context\6.0.9\spring-context-6.0.9.jar;C:\Users\Bruno\.m2\repository\org\springframework\spring-tx\6.0.9\spring-tx-6.0.9.jar;C:\Users\Bruno\.m2\repository\org\springframework\spring-beans\6.0.9\spring-beans-6.0.9.jar;C:\Users\Bruno\.m2\repository\jakarta\annotation\jakarta.annotation-api\2.1.1\jakarta.annotation-api-2.1.1.jar;C:\Users\Bruno\.m2\repository\org\slf4j\slf4j-api\2.0.7\slf4j-api-2.0.7.jar;C:\Users\Bruno\.m2\repository\org\springframework\spring-aspects\6.0.9\spring-aspects-6.0.9.jar;C:\Users\Bruno\.m2\repository\org\springframework\boot\spring-boot-starter-validation\3.1.0\spring-boot-starter-validation-3.1.0.jar;C:\Users\Bruno\.m2\repository\org\springframework\boot\spring-boot-starter\3.1.0\spring-boot-starter-3.1.0.jar;C:\Users\Bruno\.m2\repository\org\springframework\boot\spring-boot-starter-logging\3.1.0\spring-boot-starter-logging-3.1.0.jar;C:\Users\Bruno\.m2\repository\ch\qos\logback\logback-classic\1.4.7\logback-classic-1.4.7.jar;C:\Users\Bruno\.m2\repository\ch\qos\logback\logback-core\1.4.7\logback-core-1.4.7.jar;C:\Users\Bruno\.m2\repository\org\apache\logging\log4j\log4j-to-slf4j\2.20.0\log4j-to-slf4j-2.20.0.jar;C:\Users\Bruno\.m2\repository\org\apache\logging\log4j\log4j-api\2.20.0\log4j-api-2.20.0.jar;C:\Users\Bruno\.m2\repository\org\slf4j\jul-to-slf4j\2.0.7\jul-to-slf4j-2.0.7.jar;C:\Users\Bruno\.m2\repository\org\yaml\snakeyaml\1.33\snakeyaml-1.33.jar;C:\Users\Bruno\.m2\repository\org\apache\tomcat\embed\tomcat-embed-el\10.1.8\tomcat-embed-el-10.1.8.jar;C:\Users\Bruno\.m2\repository\org\hibernate\validator\hibernate-validator\8.0.0.Final\hibernate-validator-8.0.0.Final.jar;C:\Users\Bruno\.m2\repository\jakarta\validation\jakarta.validation-api\3.0.2\jakarta.validation-api-3.0.2.jar;C:\Users\Bruno\.m2\repository\org\springframework\boot\spring-boot-devtools\3.1.0\spring-boot-devtools-3.1.0.jar;C:\Users\Bruno\.m2\repository\org\springframework\boot\spring-boot\3.1.0\spring-boot-3.1.0.jar;C:\Users\Bruno\.m2\repository\org\springframework\boot\spring-boot-autoconfigure\3.1.0\spring-boot-autoconfigure-3.1.0.jar;C:\Users\Bruno\.m2\repository\org\springframework\boot\spring-boot-starter-test\3.1.0\spring-boot-starter-test-3.1.0.jar;C:\Users\Bruno\.m2\repository\org\springframework\boot\spring-boot-test\3.1.0\spring-boot-test-3.1.0.jar;C:\Users\Bruno\.m2\repository\org\springframework\boot\spring-boot-test-autoconfigure\3.1.0\spring-boot-test-autoconfigure-3.1.0.jar;C:\Users\Bruno\.m2\repository\com\jayway\jsonpath\json-path\2.8.0\json-path-2.8.0.jar;C:\Users\Bruno\.m2\repository\jakarta\xml\bind\jakarta.xml.bind-api\4.0.0\jakarta.xml.bind-api-4.0.0.jar;C:\Users\Bruno\.m2\repository\jakarta\activation\jakarta.activation-api\2.1.2\jakarta.activation-api-2.1.2.jar;C:\Users\Bruno\.m2\repository\net\minidev\json-smart\2.4.10\json-smart-2.4.10.jar;C:\Users\Bruno\.m2\repository\net\minidev\accessors-smart\2.4.9\accessors-smart-2.4.9.jar;C:\Users\Bruno\.m2\repository\org\assertj\assertj-core\3.24.2\assertj-core-3.24.2.jar;C:\Users\Bruno\.m2\repository\org\hamcrest\hamcrest\2.2\hamcrest-2.2.jar;C:\Users\Bruno\.m2\repository\org\junit\jupiter\junit-jupiter\5.9.3\junit-jupiter-5.9.3.jar;C:\Users\Bruno\.m2\repository\org\junit\jupiter\junit-jupiter-api\5.9.3\junit-jupiter-api-5.9.3.jar;C:\Users\Bruno\.m2\repository\org\opentest4j\opentest4j\1.2.0\opentest4j-1.2.0.jar;C:\Users\Bruno\.m2\repository\org\junit\platform\junit-platform-commons\1.9.3\junit-platform-commons-1.9.3.jar;C:\Users\Bruno\.m2\repository\org\apiguardian\apiguardian-api\1.1.2\apiguardian-api-1.1.2.jar;C:\Users\Bruno\.m2\repository\org\junit\jupiter\junit-jupiter-params\5.9.3\junit-jupiter-params-5.9.3.jar;C:\Users\Bruno\.m2\repository\org\junit\jupiter\junit-jupiter-engine\5.9.3\junit-jupiter-engine-5.9.3.jar;C:\Users\Bruno\.m2\repository\org\mockito\mockito-core\5.3.1\mockito-core-5.3.1.jar;C:\Users\Bruno\.m2\repository\net\bytebuddy\byte-buddy-agent\1.14.4\byte-buddy-agent-1.14.4.jar;C:\Users\Bruno\.m2\repository\org\objenesis\objenesis\3.3\objenesis-3.3.jar;C:\Users\Bruno\.m2\repository\org\mockito\mockito-junit-jupiter\5.3.1\mockito-junit-jupiter-5.3.1.jar;C:\Users\Bruno\.m2\repository\org\skyscreamer\jsonassert\1.5.1\jsonassert-1.5.1.jar;C:\Users\Bruno\.m2\repository\com\vaadin\external\google\android-json\0.0.20131108.vaadin1\android-json-0.0.20131108.vaadin1.jar;C:\Users\Bruno\.m2\repository\org\springframework\spring-core\6.0.9\spring-core-6.0.9.jar;C:\Users\Bruno\.m2\repository\org\springframework\spring-jcl\6.0.9\spring-jcl-6.0.9.jar;C:\Users\Bruno\.m2\repository\org\springframework\spring-test\6.0.9\spring-test-6.0.9.jar;C:\Users\Bruno\.m2\repository\org\xmlunit\xmlunit-core\2.9.1\xmlunit-core-2.9.1.jar;C:\Users\Bruno\.m2\repository\org\springframework\boot\spring-boot-starter-security\3.1.0\spring-boot-starter-security-3.1.0.jar;C:\Users\Bruno\.m2\repository\org\springframework\spring-aop\6.0.9\spring-aop-6.0.9.jar;C:\Users\Bruno\.m2\repository\org\springframework\security\spring-security-config\6.1.0\spring-security-config-6.1.0.jar;C:\Users\Bruno\.m2\repository\org\springframework\security\spring-security-core\6.1.0\spring-security-core-6.1.0.jar;C:\Users\Bruno\.m2\repository\org\springframework\security\spring-security-crypto\6.1.0\spring-security-crypto-6.1.0.jar;C:\Users\Bruno\.m2\repository\org\springframework\security\spring-security-web\6.1.0\spring-security-web-6.1.0.jar;C:\Users\Bruno\.m2\repository\org\springframework\spring-expression\6.0.9\spring-expression-6.0.9.jar;C:\Users\Bruno\.m2\repository\com\vaadin\vaadin-testbench-junit5\24.1.4\vaadin-testbench-junit5-24.1.4.jar;C:\Users\Bruno\.m2\repository\com\vaadin\vaadin-testbench-core-junit5\9.0.5\vaadin-testbench-core-junit5-9.0.5.jar;C:\Users\Bruno\.m2\repository\commons-io\commons-io\2.11.0\commons-io-2.11.0.jar;C:\Users\Bruno\.m2\repository\commons-codec\commons-codec\1.15\commons-codec-1.15.jar;C:\Users\Bruno\.m2\repository\org\seleniumhq\selenium\selenium-remote-driver\4.10.0\selenium-remote-driver-4.10.0.jar;C:\Users\Bruno\.m2\repository\com\google\auto\service\auto-service-annotations\1.0.1\auto-service-annotations-1.0.1.jar;C:\Users\Bruno\.m2\repository\com\google\auto\service\auto-service\1.0.1\auto-service-1.0.1.jar;C:\Users\Bruno\.m2\repository\com\google\auto\auto-common\1.2\auto-common-1.2.jar;C:\Users\Bruno\.m2\repository\com\google\guava\guava\31.1-jre\guava-31.1-jre.jar;C:\Users\Bruno\.m2\repository\com\google\guava\failureaccess\1.0.1\failureaccess-1.0.1.jar;C:\Users\Bruno\.m2\repository\com\google\guava\listenablefuture\9999.0-empty-to-avoid-conflict-with-guava\listenablefuture-9999.0-empty-to-avoid-conflict-with-guava.jar;C:\Users\Bruno\.m2\repository\com\google\errorprone\error_prone_annotations\2.11.0\error_prone_annotations-2.11.0.jar;C:\Users\Bruno\.m2\repository\com\google\j2objc\j2objc-annotations\1.3\j2objc-annotations-1.3.jar;C:\Users\Bruno\.m2\repository\io\netty\netty-buffer\4.1.92.Final\netty-buffer-4.1.92.Final.jar;C:\Users\Bruno\.m2\repository\io\netty\netty-codec-http\4.1.92.Final\netty-codec-http-4.1.92.Final.jar;C:\Users\Bruno\.m2\repository\io\netty\netty-codec\4.1.92.Final\netty-codec-4.1.92.Final.jar;C:\Users\Bruno\.m2\repository\io\netty\netty-handler\4.1.92.Final\netty-handler-4.1.92.Final.jar;C:\Users\Bruno\.m2\repository\io\netty\netty-common\4.1.92.Final\netty-common-4.1.92.Final.jar;C:\Users\Bruno\.m2\repository\io\netty\netty-transport-classes-epoll\4.1.92.Final\netty-transport-classes-epoll-4.1.92.Final.jar;C:\Users\Bruno\.m2\repository\io\netty\netty-transport-classes-kqueue\4.1.92.Final\netty-transport-classes-kqueue-4.1.92.Final.jar;C:\Users\Bruno\.m2\repository\io\netty\netty-transport-native-epoll\4.1.92.Final\netty-transport-native-epoll-4.1.92.Final.jar;C:\Users\Bruno\.m2\repository\io\netty\netty-transport-native-kqueue\4.1.92.Final\netty-transport-native-kqueue-4.1.92.Final.jar;C:\Users\Bruno\.m2\repository\io\netty\netty-transport-native-unix-common\4.1.92.Final\netty-transport-native-unix-common-4.1.92.Final.jar;C:\Users\Bruno\.m2\repository\io\netty\netty-transport\4.1.92.Final\netty-transport-4.1.92.Final.jar;C:\Users\Bruno\.m2\repository\io\netty\netty-resolver\4.1.92.Final\netty-resolver-4.1.92.Final.jar;C:\Users\Bruno\.m2\repository\io\opentelemetry\opentelemetry-api\1.25.0\opentelemetry-api-1.25.0.jar;C:\Users\Bruno\.m2\repository\io\opentelemetry\opentelemetry-context\1.25.0\opentelemetry-context-1.25.0.jar;C:\Users\Bruno\.m2\repository\io\opentelemetry\opentelemetry-exporter-logging\1.25.0\opentelemetry-exporter-logging-1.25.0.jar;C:\Users\Bruno\.m2\repository\io\opentelemetry\opentelemetry-sdk-metrics\1.25.0\opentelemetry-sdk-metrics-1.25.0.jar;C:\Users\Bruno\.m2\repository\io\opentelemetry\opentelemetry-sdk-logs\1.25.0-alpha\opentelemetry-sdk-logs-1.25.0-alpha.jar;C:\Users\Bruno\.m2\repository\io\opentelemetry\opentelemetry-api-logs\1.25.0-alpha\opentelemetry-api-logs-1.25.0-alpha.jar;C:\Users\Bruno\.m2\repository\io\opentelemetry\opentelemetry-api-events\1.25.0-alpha\opentelemetry-api-events-1.25.0-alpha.jar;C:\Users\Bruno\.m2\repository\io\opentelemetry\opentelemetry-sdk-common\1.25.0\opentelemetry-sdk-common-1.25.0.jar;C:\Users\Bruno\.m2\repository\io\opentelemetry\opentelemetry-sdk-extension-autoconfigure-spi\1.25.0\opentelemetry-sdk-extension-autoconfigure-spi-1.25.0.jar;C:\Users\Bruno\.m2\repository\io\opentelemetry\opentelemetry-sdk-extension-autoconfigure\1.26.0-alpha\opentelemetry-sdk-extension-autoconfigure-1.26.0-alpha.jar;C:\Users\Bruno\.m2\repository\io\opentelemetry\opentelemetry-sdk-trace\1.25.0\opentelemetry-sdk-trace-1.25.0.jar;C:\Users\Bruno\.m2\repository\io\opentelemetry\opentelemetry-sdk\1.25.0\opentelemetry-sdk-1.25.0.jar;C:\Users\Bruno\.m2\repository\io\opentelemetry\opentelemetry-semconv\1.26.0-alpha\opentelemetry-semconv-1.26.0-alpha.jar;C:\Users\Bruno\.m2\repository\org\apache\commons\commons-exec\1.3\commons-exec-1.3.jar;C:\Users\Bruno\.m2\repository\org\asynchttpclient\async-http-client\2.12.3\async-http-client-2.12.3.jar;C:\Users\Bruno\.m2\repository\org\asynchttpclient\async-http-client-netty-utils\2.12.3\async-http-client-netty-utils-2.12.3.jar;C:\Users\Bruno\.m2\repository\io\netty\netty-codec-socks\4.1.92.Final\netty-codec-socks-4.1.92.Final.jar;C:\Users\Bruno\.m2\repository\io\netty\netty-handler-proxy\4.1.92.Final\netty-handler-proxy-4.1.92.Final.jar;C:\Users\Bruno\.m2\repository\io\netty\netty-transport-native-epoll\4.1.92.Final\netty-transport-native-epoll-4.1.92.Final-linux-x86_64.jar;C:\Users\Bruno\.m2\repository\io\netty\netty-transport-native-kqueue\4.1.92.Final\netty-transport-native-kqueue-4.1.92.Final-osx-x86_64.jar;C:\Users\Bruno\.m2\repository\org\reactivestreams\reactive-streams\1.0.4\reactive-streams-1.0.4.jar;C:\Users\Bruno\.m2\repository\com\typesafe\netty\netty-reactive-streams\2.0.4\netty-reactive-streams-2.0.4.jar;C:\Users\Bruno\.m2\repository\com\sun\activation\jakarta.activation\1.2.2\jakarta.activation-1.2.2.jar;C:\Users\Bruno\.m2\repository\org\seleniumhq\selenium\selenium-api\4.10.0\selenium-api-4.10.0.jar;C:\Users\Bruno\.m2\repository\org\seleniumhq\selenium\selenium-http\4.10.0\selenium-http-4.10.0.jar;C:\Users\Bruno\.m2\repository\dev\failsafe\failsafe\3.3.1\failsafe-3.3.1.jar;C:\Users\Bruno\.m2\repository\org\seleniumhq\selenium\selenium-json\4.10.0\selenium-json-4.10.0.jar;C:\Users\Bruno\.m2\repository\org\seleniumhq\selenium\selenium-manager\4.10.0\selenium-manager-4.10.0.jar;C:\Users\Bruno\.m2\repository\org\seleniumhq\selenium\selenium-java\4.10.0\selenium-java-4.10.0.jar;C:\Users\Bruno\.m2\repository\org\seleniumhq\selenium\selenium-chrome-driver\4.10.0\selenium-chrome-driver-4.10.0.jar;C:\Users\Bruno\.m2\repository\org\seleniumhq\selenium\selenium-chromium-driver\4.10.0\selenium-chromium-driver-4.10.0.jar;C:\Users\Bruno\.m2\repository\org\seleniumhq\selenium\selenium-devtools-v112\4.10.0\selenium-devtools-v112-4.10.0.jar;C:\Users\Bruno\.m2\repository\org\seleniumhq\selenium\selenium-devtools-v113\4.10.0\selenium-devtools-v113-4.10.0.jar;C:\Users\Bruno\.m2\repository\org\seleniumhq\selenium\selenium-devtools-v114\4.10.0\selenium-devtools-v114-4.10.0.jar;C:\Users\Bruno\.m2\repository\org\seleniumhq\selenium\selenium-devtools-v85\4.10.0\selenium-devtools-v85-4.10.0.jar;C:\Users\Bruno\.m2\repository\org\seleniumhq\selenium\selenium-edge-driver\4.10.0\selenium-edge-driver-4.10.0.jar;C:\Users\Bruno\.m2\repository\org\seleniumhq\selenium\selenium-firefox-driver\4.10.0\selenium-firefox-driver-4.10.0.jar;C:\Users\Bruno\.m2\repository\org\seleniumhq\selenium\selenium-ie-driver\4.10.0\selenium-ie-driver-4.10.0.jar;C:\Users\Bruno\.m2\repository\org\seleniumhq\selenium\selenium-safari-driver\4.10.0\selenium-safari-driver-4.10.0.jar;C:\Users\Bruno\.m2\repository\org\seleniumhq\selenium\selenium-support\4.10.0\selenium-support-4.10.0.jar;C:\Users\Bruno\.m2\repository\org\junit\platform\junit-platform-engine\1.9.3\junit-platform-engine-1.9.3.jar;C:\Users\Bruno\.m2\repository\org\javassist\javassist\3.28.0-GA\javassist-3.28.0-GA.jar;C:\Users\Bruno\.m2\repository\com\vaadin\license-checker\1.12.3\license-checker-1.12.3.jar;C:\Users\Bruno\.m2\repository\com\github\oshi\oshi-core\6.4.1\oshi-core-6.4.1.jar;C:\Users\Bruno\.m2\repository\net\java\dev\jna\jna\5.13.0\jna-5.13.0.jar;C:\Users\Bruno\.m2\repository\net\java\dev\jna\jna-platform\5.13.0\jna-platform-5.13.0.jar;C:\Users\Bruno\.m2\repository\com\nimbusds\nimbus-jose-jwt\9.31\nimbus-jose-jwt-9.31.jar;C:\Users\Bruno\.m2\repository\org\lucee\jcip-annotations\1.0.0\jcip-annotations-1.0.0.jar;C:\Users\Bruno\.m2\repository\com\vaadin\open\8.5.0\open-8.5.0.jar;C:\Users\Bruno\.m2\repository\com\vaadin\external\gwt\gwt-elemental\2.8.2.vaadin2\gwt-elemental-2.8.2.vaadin2.jar;C:\Users\Bruno\.m2\repository\com\vaadin\vaadin-testbench-unit-junit5\9.0.5\vaadin-testbench-unit-junit5-9.0.5.jar;C:\Users\Bruno\.m2\repository\com\vaadin\vaadin-testbench-unit-shared\9.0.5\vaadin-testbench-unit-shared-9.0.5.jar;C:\Users\Bruno\.m2\repository\io\github\classgraph\classgraph\4.8.146\classgraph-4.8.146.jar;C:\Users\Bruno\.m2\repository\jakarta\servlet\jakarta.servlet-api\6.0.0\jakarta.servlet-api-6.0.0.jar;C:\Users\Bruno\.m2\repository\org\jetbrains\kotlin\kotlin-stdlib-jdk8\1.8.21\kotlin-stdlib-jdk8-1.8.21.jar;C:\Users\Bruno\.m2\repository\org\jetbrains\kotlin\kotlin-stdlib\1.8.21\kotlin-stdlib-1.8.21.jar;C:\Users\Bruno\.m2\repository\org\jetbrains\kotlin\kotlin-stdlib-common\1.8.21\kotlin-stdlib-common-1.8.21.jar;C:\Users\Bruno\.m2\repository\org\jetbrains\annotations\13.0\annotations-13.0.jar;C:\Users\Bruno\.m2\repository\org\jetbrains\kotlin\kotlin-stdlib-jdk7\1.8.21\kotlin-stdlib-jdk7-1.8.21.jar;C:\Users\Bruno\.m2\repository\org\jetbrains\kotlin\kotlin-reflect\1.8.21\kotlin-reflect-1.8.21.jar;C:\Users\Bruno\.m2\repository\com\vaadin\vaadin-testbench-shared\9.0.5\vaadin-testbench-shared-9.0.5.jar;C:\Users\Bruno\.m2\repository\org\seleniumhq\selenium\selenium-http-jdk-client\4.10.0\selenium-http-jdk-client-4.10.0.jar;C:\Users\Bruno\.m2\repository\com\vaadin\flow-html-components-testbench\24.1.5\flow-html-components-testbench-24.1.5.jar;C:\Users\Bruno\.m2\repository\com\vaadin\vaadin-accordion-testbench\24.1.4\vaadin-accordion-testbench-24.1.4.jar;C:\Users\Bruno\.m2\repository\com\vaadin\vaadin-app-layout-testbench\24.1.4\vaadin-app-layout-testbench-24.1.4.jar;C:\Users\Bruno\.m2\repository\com\vaadin\vaadin-avatar-testbench\24.1.4\vaadin-avatar-testbench-24.1.4.jar;C:\Users\Bruno\.m2\repository\com\vaadin\vaadin-board-testbench\24.1.4\vaadin-board-testbench-24.1.4.jar;C:\Users\Bruno\.m2\repository\com\vaadin\vaadin-button-testbench\24.1.4\vaadin-button-testbench-24.1.4.jar;C:\Users\Bruno\.m2\repository\com\vaadin\vaadin-charts-testbench\24.1.4\vaadin-charts-testbench-24.1.4.jar;C:\Users\Bruno\.m2\repository\com\vaadin\vaadin-checkbox-testbench\24.1.4\vaadin-checkbox-testbench-24.1.4.jar;C:\Users\Bruno\.m2\repository\com\vaadin\vaadin-combo-box-testbench\24.1.4\vaadin-combo-box-testbench-24.1.4.jar;C:\Users\Bruno\.m2\repository\com\vaadin\vaadin-confirm-dialog-testbench\24.1.4\vaadin-confirm-dialog-testbench-24.1.4.jar;C:\Users\Bruno\.m2\repository\com\vaadin\vaadin-context-menu-testbench\24.1.4\vaadin-context-menu-testbench-24.1.4.jar;C:\Users\Bruno\.m2\repository\com\vaadin\vaadin-cookie-consent-testbench\24.1.4\vaadin-cookie-consent-testbench-24.1.4.jar;C:\Users\Bruno\.m2\repository\com\vaadin\vaadin-cookie-consent-flow\24.1.4\vaadin-cookie-consent-flow-24.1.4.jar;C:\Users\Bruno\.m2\repository\com\vaadin\vaadin-crud-testbench\24.1.4\vaadin-crud-testbench-24.1.4.jar;C:\Users\Bruno\.m2\repository\com\vaadin\vaadin-custom-field-testbench\24.1.4\vaadin-custom-field-testbench-24.1.4.jar;C:\Users\Bruno\.m2\repository\com\vaadin\vaadin-date-picker-testbench\24.1.4\vaadin-date-picker-testbench-24.1.4.jar;C:\Users\Bruno\.m2\repository\com\vaadin\vaadin-date-time-picker-testbench\24.1.4\vaadin-date-time-picker-testbench-24.1.4.jar;C:\Users\Bruno\.m2\repository\com\vaadin\vaadin-details-testbench\24.1.4\vaadin-details-testbench-24.1.4.jar;C:\Users\Bruno\.m2\repository\com\vaadin\vaadin-dialog-testbench\24.1.4\vaadin-dialog-testbench-24.1.4.jar;C:\Users\Bruno\.m2\repository\com\vaadin\vaadin-form-layout-testbench\24.1.4\vaadin-form-layout-testbench-24.1.4.jar;C:\Users\Bruno\.m2\repository\com\vaadin\vaadin-grid-testbench\24.1.4\vaadin-grid-testbench-24.1.4.jar;C:\Users\Bruno\.m2\repository\com\vaadin\vaadin-grid-pro-testbench\24.1.4\vaadin-grid-pro-testbench-24.1.4.jar;C:\Users\Bruno\.m2\repository\com\vaadin\vaadin-icons-testbench\24.1.4\vaadin-icons-testbench-24.1.4.jar;C:\Users\Bruno\.m2\repository\com\vaadin\vaadin-virtual-list-testbench\24.1.4\vaadin-virtual-list-testbench-24.1.4.jar;C:\Users\Bruno\.m2\repository\com\vaadin\vaadin-list-box-testbench\24.1.4\vaadin-list-box-testbench-24.1.4.jar;C:\Users\Bruno\.m2\repository\com\vaadin\vaadin-login-testbench\24.1.4\vaadin-login-testbench-24.1.4.jar;C:\Users\Bruno\.m2\repository\com\vaadin\vaadin-menu-bar-testbench\24.1.4\vaadin-menu-bar-testbench-24.1.4.jar;C:\Users\Bruno\.m2\repository\com\vaadin\vaadin-messages-testbench\24.1.4\vaadin-messages-testbench-24.1.4.jar;C:\Users\Bruno\.m2\repository\com\vaadin\vaadin-notification-testbench\24.1.4\vaadin-notification-testbench-24.1.4.jar;C:\Users\Bruno\.m2\repository\com\vaadin\vaadin-ordered-layout-testbench\24.1.4\vaadin-ordered-layout-testbench-24.1.4.jar;C:\Users\Bruno\.m2\repository\com\vaadin\vaadin-progress-bar-testbench\24.1.4\vaadin-progress-bar-testbench-24.1.4.jar;C:\Users\Bruno\.m2\repository\com\vaadin\vaadin-radio-button-testbench\24.1.4\vaadin-radio-button-testbench-24.1.4.jar;C:\Users\Bruno\.m2\repository\com\vaadin\vaadin-rich-text-editor-testbench\24.1.4\vaadin-rich-text-editor-testbench-24.1.4.jar;C:\Users\Bruno\.m2\repository\com\vaadin\vaadin-select-testbench\24.1.4\vaadin-select-testbench-24.1.4.jar;C:\Users\Bruno\.m2\repository\com\vaadin\vaadin-split-layout-testbench\24.1.4\vaadin-split-layout-testbench-24.1.4.jar;C:\Users\Bruno\.m2\repository\com\vaadin\vaadin-tabs-testbench\24.1.4\vaadin-tabs-testbench-24.1.4.jar;C:\Users\Bruno\.m2\repository\com\vaadin\vaadin-text-field-testbench\24.1.4\vaadin-text-field-testbench-24.1.4.jar;C:\Users\Bruno\.m2\repository\com\vaadin\vaadin-time-picker-testbench\24.1.4\vaadin-time-picker-testbench-24.1.4.jar;C:\Users\Bruno\.m2\repository\com\vaadin\vaadin-upload-testbench\24.1.4\vaadin-upload-testbench-24.1.4.jar;C:\Users\Bruno\.m2\repository\org\postgresql\postgresql\42.6.0\postgresql-42.6.0.jar;C:\Users\Bruno\.m2\repository\org\checkerframework\checker-qual\3.31.0\checker-qual-3.31.0.jar;"/>
    <property name="java.vm.vendor" value="Oracle Corporation"/>
    <property name="sun.arch.data.model" value="64"/>
    <property name="user.variant" value=""/>
    <property name="spring.devtools.livereload.port" value="35729"/>
    <property name="java.vendor.url" value="https://java.oracle.com/"/>
    <property name="user.timezone" value="America/Buenos_Aires"/>
    <property name="org.jboss.logging.provider" value="slf4j"/>
    <property name="user.country.format" value="AR"/>
    <property name="os.name" value="Windows 10"/>
    <property name="java.vm.specification.version" value="19"/>
    <property name="sun.java.launcher" value="SUN_STANDARD"/>
    <property name="user.country" value="US"/>
    <property name="sun.boot.library.path" value="D:\Program Files\Java\jdk-19\bin"/>
    <property name="sun.java.command" value="C:\Users\Bruno\AppData\Local\Temp\surefire3094761395075056087\surefirebooter-20230819171526505_3.jar C:\Users\Bruno\AppData\Local\Temp\surefire3094761395075056087 2023-08-19T17-15-26_196-jvmRun1 surefire-20230819171526505_1tmp surefire_0-20230819171526505_2tmp"/>
    <property name="jdk.debug" value="release"/>
    <property name="surefire.test.class.path" value="D:\Users\Bruno\Documents\workspace-spring-tool-suite-4-4.18.0.RELEASE\flow-crm-tutorial\flow-crm-tutorial\target\test-classes;D:\Users\Bruno\Documents\workspace-spring-tool-suite-4-4.18.0.RELEASE\flow-crm-tutorial\flow-crm-tutorial\target\classes;C:\Users\Bruno\.m2\repository\com\vaadin\vaadin-core\24.1.4\vaadin-core-24.1.4.jar;C:\Users\Bruno\.m2\repository\com\vaadin\vaadin-core-internal\24.1.4\vaadin-core-internal-24.1.4.jar;C:\Users\Bruno\.m2\repository\com\vaadin\flow-server\24.1.5\flow-server-24.1.5.jar;C:\Users\Bruno\.m2\repository\com\vaadin\servletdetector\throw-if-servlet3\1.0.2\throw-if-servlet3-1.0.2.jar;C:\Users\Bruno\.m2\repository\com\vaadin\flow-commons-upload\24.1.5\flow-commons-upload-24.1.5.jar;C:\Users\Bruno\.m2\repository\com\fasterxml\jackson\core\jackson-core\2.15.0\jackson-core-2.15.0.jar;C:\Users\Bruno\.m2\repository\com\fasterxml\jackson\core\jackson-databind\2.15.0\jackson-databind-2.15.0.jar;C:\Users\Bruno\.m2\repository\com\fasterxml\jackson\core\jackson-annotations\2.15.0\jackson-annotations-2.15.0.jar;C:\Users\Bruno\.m2\repository\org\jsoup\jsoup\1.16.1\jsoup-1.16.1.jar;C:\Users\Bruno\.m2\repository\com\helger\ph-css\7.0.0\ph-css-7.0.0.jar;C:\Users\Bruno\.m2\repository\com\helger\commons\ph-commons\11.0.1\ph-commons-11.0.1.jar;C:\Users\Bruno\.m2\repository\org\ow2\asm\asm\9.5\asm-9.5.jar;C:\Users\Bruno\.m2\repository\com\vaadin\external\gentyref\1.2.0.vaadin1\gentyref-1.2.0.vaadin1.jar;C:\Users\Bruno\.m2\repository\org\apache\commons\commons-compress\1.23.0\commons-compress-1.23.0.jar;C:\Users\Bruno\.m2\repository\org\apache\httpcomponents\httpclient\4.5.14\httpclient-4.5.14.jar;C:\Users\Bruno\.m2\repository\org\apache\httpcomponents\httpcore\4.4.16\httpcore-4.4.16.jar;C:\Users\Bruno\.m2\repository\commons-logging\commons-logging\1.2\commons-logging-1.2.jar;C:\Users\Bruno\.m2\repository\com\vaadin\flow-lit-template\24.1.5\flow-lit-template-24.1.5.jar;C:\Users\Bruno\.m2\repository\com\vaadin\flow-push\24.1.5\flow-push-24.1.5.jar;C:\Users\Bruno\.m2\repository\com\vaadin\external\atmosphere\atmosphere-runtime\3.0.3.slf4jvaadin1\atmosphere-runtime-3.0.3.slf4jvaadin1.jar;C:\Users\Bruno\.m2\repository\com\vaadin\flow-client\24.1.5\flow-client-24.1.5.jar;C:\Users\Bruno\.m2\repository\com\vaadin\flow-html-components\24.1.5\flow-html-components-24.1.5.jar;C:\Users\Bruno\.m2\repository\com\vaadin\flow-data\24.1.5\flow-data-24.1.5.jar;C:\Users\Bruno\.m2\repository\com\vaadin\flow-dnd\24.1.5\flow-dnd-24.1.5.jar;C:\Users\Bruno\.m2\repository\com\vaadin\vaadin-lumo-theme\24.1.4\vaadin-lumo-theme-24.1.4.jar;C:\Users\Bruno\.m2\repository\com\vaadin\vaadin-material-theme\24.1.4\vaadin-material-theme-24.1.4.jar;C:\Users\Bruno\.m2\repository\com\vaadin\vaadin-accordion-flow\24.1.4\vaadin-accordion-flow-24.1.4.jar;C:\Users\Bruno\.m2\repository\com\vaadin\vaadin-avatar-flow\24.1.4\vaadin-avatar-flow-24.1.4.jar;C:\Users\Bruno\.m2\repository\com\vaadin\vaadin-flow-components-base\24.1.4\vaadin-flow-components-base-24.1.4.jar;C:\Users\Bruno\.m2\repository\com\vaadin\vaadin-button-flow\24.1.4\vaadin-button-flow-24.1.4.jar;C:\Users\Bruno\.m2\repository\com\vaadin\vaadin-checkbox-flow\24.1.4\vaadin-checkbox-flow-24.1.4.jar;C:\Users\Bruno\.m2\repository\com\vaadin\vaadin-combo-box-flow\24.1.4\vaadin-combo-box-flow-24.1.4.jar;C:\Users\Bruno\.m2\repository\com\vaadin\vaadin-confirm-dialog-flow\24.1.4\vaadin-confirm-dialog-flow-24.1.4.jar;C:\Users\Bruno\.m2\repository\com\vaadin\vaadin-custom-field-flow\24.1.4\vaadin-custom-field-flow-24.1.4.jar;C:\Users\Bruno\.m2\repository\com\vaadin\vaadin-date-picker-flow\24.1.4\vaadin-date-picker-flow-24.1.4.jar;C:\Users\Bruno\.m2\repository\com\vaadin\vaadin-date-time-picker-flow\24.1.4\vaadin-date-time-picker-flow-24.1.4.jar;C:\Users\Bruno\.m2\repository\com\vaadin\vaadin-details-flow\24.1.4\vaadin-details-flow-24.1.4.jar;C:\Users\Bruno\.m2\repository\com\vaadin\vaadin-time-picker-flow\24.1.4\vaadin-time-picker-flow-24.1.4.jar;C:\Users\Bruno\.m2\repository\com\vaadin\vaadin-select-flow\24.1.4\vaadin-select-flow-24.1.4.jar;C:\Users\Bruno\.m2\repository\com\vaadin\vaadin-side-nav-flow\24.1.4\vaadin-side-nav-flow-24.1.4.jar;C:\Users\Bruno\.m2\repository\com\vaadin\vaadin-dialog-flow\24.1.4\vaadin-dialog-flow-24.1.4.jar;C:\Users\Bruno\.m2\repository\com\vaadin\vaadin-form-layout-flow\24.1.4\vaadin-form-layout-flow-24.1.4.jar;C:\Users\Bruno\.m2\repository\com\vaadin\vaadin-field-highlighter-flow\24.1.4\vaadin-field-highlighter-flow-24.1.4.jar;C:\Users\Bruno\.m2\repository\com\vaadin\vaadin-grid-flow\24.1.4\vaadin-grid-flow-24.1.4.jar;C:\Users\Bruno\.m2\repository\org\apache\commons\commons-lang3\3.12.0\commons-lang3-3.12.0.jar;C:\Users\Bruno\.m2\repository\com\vaadin\vaadin-icons-flow\24.1.4\vaadin-icons-flow-24.1.4.jar;C:\Users\Bruno\.m2\repository\com\vaadin\vaadin-virtual-list-flow\24.1.4\vaadin-virtual-list-flow-24.1.4.jar;C:\Users\Bruno\.m2\repository\com\vaadin\vaadin-list-box-flow\24.1.4\vaadin-list-box-flow-24.1.4.jar;C:\Users\Bruno\.m2\repository\com\vaadin\vaadin-login-flow\24.1.4\vaadin-login-flow-24.1.4.jar;C:\Users\Bruno\.m2\repository\com\vaadin\vaadin-messages-flow\24.1.4\vaadin-messages-flow-24.1.4.jar;C:\Users\Bruno\.m2\repository\com\vaadin\vaadin-ordered-layout-flow\24.1.4\vaadin-ordered-layout-flow-24.1.4.jar;C:\Users\Bruno\.m2\repository\com\vaadin\vaadin-progress-bar-flow\24.1.4\vaadin-progress-bar-flow-24.1.4.jar;C:\Users\Bruno\.m2\repository\com\vaadin\vaadin-radio-button-flow\24.1.4\vaadin-radio-button-flow-24.1.4.jar;C:\Users\Bruno\.m2\repository\com\vaadin\vaadin-renderer-flow\24.1.4\vaadin-renderer-flow-24.1.4.jar;C:\Users\Bruno\.m2\repository\com\vaadin\vaadin-split-layout-flow\24.1.4\vaadin-split-layout-flow-24.1.4.jar;C:\Users\Bruno\.m2\repository\com\vaadin\vaadin-tabs-flow\24.1.4\vaadin-tabs-flow-24.1.4.jar;C:\Users\Bruno\.m2\repository\com\vaadin\vaadin-text-field-flow\24.1.4\vaadin-text-field-flow-24.1.4.jar;C:\Users\Bruno\.m2\repository\com\vaadin\vaadin-upload-flow\24.1.4\vaadin-upload-flow-24.1.4.jar;C:\Users\Bruno\.m2\repository\com\vaadin\vaadin-notification-flow\24.1.4\vaadin-notification-flow-24.1.4.jar;C:\Users\Bruno\.m2\repository\com\vaadin\vaadin-app-layout-flow\24.1.4\vaadin-app-layout-flow-24.1.4.jar;C:\Users\Bruno\.m2\repository\com\vaadin\vaadin-context-menu-flow\24.1.4\vaadin-context-menu-flow-24.1.4.jar;C:\Users\Bruno\.m2\repository\com\vaadin\vaadin-menu-bar-flow\24.1.4\vaadin-menu-bar-flow-24.1.4.jar;C:\Users\Bruno\.m2\repository\com\vaadin\vaadin-spring-boot-starter\24.1.4\vaadin-spring-boot-starter-24.1.4.jar;C:\Users\Bruno\.m2\repository\com\vaadin\vaadin-spring\24.1.5\vaadin-spring-24.1.5.jar;C:\Users\Bruno\.m2\repository\org\springframework\spring-webmvc\6.0.9\spring-webmvc-6.0.9.jar;C:\Users\Bruno\.m2\repository\org\springframework\spring-websocket\6.0.9\spring-websocket-6.0.9.jar;C:\Users\Bruno\.m2\repository\org\reflections\reflections\0.10.2\reflections-0.10.2.jar;C:\Users\Bruno\.m2\repository\com\google\code\findbugs\jsr305\3.0.2\jsr305-3.0.2.jar;C:\Users\Bruno\.m2\repository\org\springframework\boot\spring-boot-starter-web\3.1.0\spring-boot-starter-web-3.1.0.jar;C:\Users\Bruno\.m2\repository\org\springframework\boot\spring-boot-starter-json\3.1.0\spring-boot-starter-json-3.1.0.jar;C:\Users\Bruno\.m2\repository\com\fasterxml\jackson\datatype\jackson-datatype-jdk8\2.15.0\jackson-datatype-jdk8-2.15.0.jar;C:\Users\Bruno\.m2\repository\com\fasterxml\jackson\datatype\jackson-datatype-jsr310\2.15.0\jackson-datatype-jsr310-2.15.0.jar;C:\Users\Bruno\.m2\repository\com\fasterxml\jackson\module\jackson-module-parameter-names\2.15.0\jackson-module-parameter-names-2.15.0.jar;C:\Users\Bruno\.m2\repository\org\springframework\boot\spring-boot-starter-tomcat\3.1.0\spring-boot-starter-tomcat-3.1.0.jar;C:\Users\Bruno\.m2\repository\org\apache\tomcat\embed\tomcat-embed-core\10.1.8\tomcat-embed-core-10.1.8.jar;C:\Users\Bruno\.m2\repository\org\apache\tomcat\embed\tomcat-embed-websocket\10.1.8\tomcat-embed-websocket-10.1.8.jar;C:\Users\Bruno\.m2\repository\org\springframework\spring-web\6.0.9\spring-web-6.0.9.jar;C:\Users\Bruno\.m2\repository\io\micrometer\micrometer-observation\1.11.0\micrometer-observation-1.11.0.jar;C:\Users\Bruno\.m2\repository\io\micrometer\micrometer-commons\1.11.0\micrometer-commons-1.11.0.jar;C:\Users\Bruno\.m2\repository\org\parttio\line-awesome\1.1.0\line-awesome-1.1.0.jar;C:\Users\Bruno\.m2\repository\com\h2database\h2\2.1.214\h2-2.1.214.jar;C:\Users\Bruno\.m2\repository\org\springframework\boot\spring-boot-starter-data-jpa\3.1.0\spring-boot-starter-data-jpa-3.1.0.jar;C:\Users\Bruno\.m2\repository\org\springframework\boot\spring-boot-starter-aop\3.1.0\spring-boot-starter-aop-3.1.0.jar;C:\Users\Bruno\.m2\repository\org\aspectj\aspectjweaver\1.9.19\aspectjweaver-1.9.19.jar;C:\Users\Bruno\.m2\repository\org\springframework\boot\spring-boot-starter-jdbc\3.1.0\spring-boot-starter-jdbc-3.1.0.jar;C:\Users\Bruno\.m2\repository\com\zaxxer\HikariCP\5.0.1\HikariCP-5.0.1.jar;C:\Users\Bruno\.m2\repository\org\springframework\spring-jdbc\6.0.9\spring-jdbc-6.0.9.jar;C:\Users\Bruno\.m2\repository\org\hibernate\orm\hibernate-core\6.2.2.Final\hibernate-core-6.2.2.Final.jar;C:\Users\Bruno\.m2\repository\jakarta\persistence\jakarta.persistence-api\3.1.0\jakarta.persistence-api-3.1.0.jar;C:\Users\Bruno\.m2\repository\jakarta\transaction\jakarta.transaction-api\2.0.1\jakarta.transaction-api-2.0.1.jar;C:\Users\Bruno\.m2\repository\org\jboss\logging\jboss-logging\3.5.0.Final\jboss-logging-3.5.0.Final.jar;C:\Users\Bruno\.m2\repository\org\hibernate\common\hibernate-commons-annotations\6.0.6.Final\hibernate-commons-annotations-6.0.6.Final.jar;C:\Users\Bruno\.m2\repository\io\smallrye\jandex\3.0.5\jandex-3.0.5.jar;C:\Users\Bruno\.m2\repository\com\fasterxml\classmate\1.5.1\classmate-1.5.1.jar;C:\Users\Bruno\.m2\repository\net\bytebuddy\byte-buddy\1.14.4\byte-buddy-1.14.4.jar;C:\Users\Bruno\.m2\repository\org\glassfish\jaxb\jaxb-runtime\4.0.2\jaxb-runtime-4.0.2.jar;C:\Users\Bruno\.m2\repository\org\glassfish\jaxb\jaxb-core\4.0.2\jaxb-core-4.0.2.jar;C:\Users\Bruno\.m2\repository\org\eclipse\angus\angus-activation\2.0.0\angus-activation-2.0.0.jar;C:\Users\Bruno\.m2\repository\org\glassfish\jaxb\txw2\4.0.2\txw2-4.0.2.jar;C:\Users\Bruno\.m2\repository\com\sun\istack\istack-commons-runtime\4.1.1\istack-commons-runtime-4.1.1.jar;C:\Users\Bruno\.m2\repository\jakarta\inject\jakarta.inject-api\2.0.1\jakarta.inject-api-2.0.1.jar;C:\Users\Bruno\.m2\repository\org\antlr\antlr4-runtime\4.10.1\antlr4-runtime-4.10.1.jar;C:\Users\Bruno\.m2\repository\org\springframework\data\spring-data-jpa\3.1.0\spring-data-jpa-3.1.0.jar;C:\Users\Bruno\.m2\repository\org\springframework\data\spring-data-commons\3.1.0\spring-data-commons-3.1.0.jar;C:\Users\Bruno\.m2\repository\org\springframework\spring-orm\6.0.9\spring-orm-6.0.9.jar;C:\Users\Bruno\.m2\repository\org\springframework\spring-context\6.0.9\spring-context-6.0.9.jar;C:\Users\Bruno\.m2\repository\org\springframework\spring-tx\6.0.9\spring-tx-6.0.9.jar;C:\Users\Bruno\.m2\repository\org\springframework\spring-beans\6.0.9\spring-beans-6.0.9.jar;C:\Users\Bruno\.m2\repository\jakarta\annotation\jakarta.annotation-api\2.1.1\jakarta.annotation-api-2.1.1.jar;C:\Users\Bruno\.m2\repository\org\slf4j\slf4j-api\2.0.7\slf4j-api-2.0.7.jar;C:\Users\Bruno\.m2\repository\org\springframework\spring-aspects\6.0.9\spring-aspects-6.0.9.jar;C:\Users\Bruno\.m2\repository\org\springframework\boot\spring-boot-starter-validation\3.1.0\spring-boot-starter-validation-3.1.0.jar;C:\Users\Bruno\.m2\repository\org\springframework\boot\spring-boot-starter\3.1.0\spring-boot-starter-3.1.0.jar;C:\Users\Bruno\.m2\repository\org\springframework\boot\spring-boot-starter-logging\3.1.0\spring-boot-starter-logging-3.1.0.jar;C:\Users\Bruno\.m2\repository\ch\qos\logback\logback-classic\1.4.7\logback-classic-1.4.7.jar;C:\Users\Bruno\.m2\repository\ch\qos\logback\logback-core\1.4.7\logback-core-1.4.7.jar;C:\Users\Bruno\.m2\repository\org\apache\logging\log4j\log4j-to-slf4j\2.20.0\log4j-to-slf4j-2.20.0.jar;C:\Users\Bruno\.m2\repository\org\apache\logging\log4j\log4j-api\2.20.0\log4j-api-2.20.0.jar;C:\Users\Bruno\.m2\repository\org\slf4j\jul-to-slf4j\2.0.7\jul-to-slf4j-2.0.7.jar;C:\Users\Bruno\.m2\repository\org\yaml\snakeyaml\1.33\snakeyaml-1.33.jar;C:\Users\Bruno\.m2\repository\org\apache\tomcat\embed\tomcat-embed-el\10.1.8\tomcat-embed-el-10.1.8.jar;C:\Users\Bruno\.m2\repository\org\hibernate\validator\hibernate-validator\8.0.0.Final\hibernate-validator-8.0.0.Final.jar;C:\Users\Bruno\.m2\repository\jakarta\validation\jakarta.validation-api\3.0.2\jakarta.validation-api-3.0.2.jar;C:\Users\Bruno\.m2\repository\org\springframework\boot\spring-boot-devtools\3.1.0\spring-boot-devtools-3.1.0.jar;C:\Users\Bruno\.m2\repository\org\springframework\boot\spring-boot\3.1.0\spring-boot-3.1.0.jar;C:\Users\Bruno\.m2\repository\org\springframework\boot\spring-boot-autoconfigure\3.1.0\spring-boot-autoconfigure-3.1.0.jar;C:\Users\Bruno\.m2\repository\org\springframework\boot\spring-boot-starter-test\3.1.0\spring-boot-starter-test-3.1.0.jar;C:\Users\Bruno\.m2\repository\org\springframework\boot\spring-boot-test\3.1.0\spring-boot-test-3.1.0.jar;C:\Users\Bruno\.m2\repository\org\springframework\boot\spring-boot-test-autoconfigure\3.1.0\spring-boot-test-autoconfigure-3.1.0.jar;C:\Users\Bruno\.m2\repository\com\jayway\jsonpath\json-path\2.8.0\json-path-2.8.0.jar;C:\Users\Bruno\.m2\repository\jakarta\xml\bind\jakarta.xml.bind-api\4.0.0\jakarta.xml.bind-api-4.0.0.jar;C:\Users\Bruno\.m2\repository\jakarta\activation\jakarta.activation-api\2.1.2\jakarta.activation-api-2.1.2.jar;C:\Users\Bruno\.m2\repository\net\minidev\json-smart\2.4.10\json-smart-2.4.10.jar;C:\Users\Bruno\.m2\repository\net\minidev\accessors-smart\2.4.9\accessors-smart-2.4.9.jar;C:\Users\Bruno\.m2\repository\org\assertj\assertj-core\3.24.2\assertj-core-3.24.2.jar;C:\Users\Bruno\.m2\repository\org\hamcrest\hamcrest\2.2\hamcrest-2.2.jar;C:\Users\Bruno\.m2\repository\org\junit\jupiter\junit-jupiter\5.9.3\junit-jupiter-5.9.3.jar;C:\Users\Bruno\.m2\repository\org\junit\jupiter\junit-jupiter-api\5.9.3\junit-jupiter-api-5.9.3.jar;C:\Users\Bruno\.m2\repository\org\opentest4j\opentest4j\1.2.0\opentest4j-1.2.0.jar;C:\Users\Bruno\.m2\repository\org\junit\platform\junit-platform-commons\1.9.3\junit-platform-commons-1.9.3.jar;C:\Users\Bruno\.m2\repository\org\apiguardian\apiguardian-api\1.1.2\apiguardian-api-1.1.2.jar;C:\Users\Bruno\.m2\repository\org\junit\jupiter\junit-jupiter-params\5.9.3\junit-jupiter-params-5.9.3.jar;C:\Users\Bruno\.m2\repository\org\junit\jupiter\junit-jupiter-engine\5.9.3\junit-jupiter-engine-5.9.3.jar;C:\Users\Bruno\.m2\repository\org\mockito\mockito-core\5.3.1\mockito-core-5.3.1.jar;C:\Users\Bruno\.m2\repository\net\bytebuddy\byte-buddy-agent\1.14.4\byte-buddy-agent-1.14.4.jar;C:\Users\Bruno\.m2\repository\org\objenesis\objenesis\3.3\objenesis-3.3.jar;C:\Users\Bruno\.m2\repository\org\mockito\mockito-junit-jupiter\5.3.1\mockito-junit-jupiter-5.3.1.jar;C:\Users\Bruno\.m2\repository\org\skyscreamer\jsonassert\1.5.1\jsonassert-1.5.1.jar;C:\Users\Bruno\.m2\repository\com\vaadin\external\google\android-json\0.0.20131108.vaadin1\android-json-0.0.20131108.vaadin1.jar;C:\Users\Bruno\.m2\repository\org\springframework\spring-core\6.0.9\spring-core-6.0.9.jar;C:\Users\Bruno\.m2\repository\org\springframework\spring-jcl\6.0.9\spring-jcl-6.0.9.jar;C:\Users\Bruno\.m2\repository\org\springframework\spring-test\6.0.9\spring-test-6.0.9.jar;C:\Users\Bruno\.m2\repository\org\xmlunit\xmlunit-core\2.9.1\xmlunit-core-2.9.1.jar;C:\Users\Bruno\.m2\repository\org\springframework\boot\spring-boot-starter-security\3.1.0\spring-boot-starter-security-3.1.0.jar;C:\Users\Bruno\.m2\repository\org\springframework\spring-aop\6.0.9\spring-aop-6.0.9.jar;C:\Users\Bruno\.m2\repository\org\springframework\security\spring-security-config\6.1.0\spring-security-config-6.1.0.jar;C:\Users\Bruno\.m2\repository\org\springframework\security\spring-security-core\6.1.0\spring-security-core-6.1.0.jar;C:\Users\Bruno\.m2\repository\org\springframework\security\spring-security-crypto\6.1.0\spring-security-crypto-6.1.0.jar;C:\Users\Bruno\.m2\repository\org\springframework\security\spring-security-web\6.1.0\spring-security-web-6.1.0.jar;C:\Users\Bruno\.m2\repository\org\springframework\spring-expression\6.0.9\spring-expression-6.0.9.jar;C:\Users\Bruno\.m2\repository\com\vaadin\vaadin-testbench-junit5\24.1.4\vaadin-testbench-junit5-24.1.4.jar;C:\Users\Bruno\.m2\repository\com\vaadin\vaadin-testbench-core-junit5\9.0.5\vaadin-testbench-core-junit5-9.0.5.jar;C:\Users\Bruno\.m2\repository\commons-io\commons-io\2.11.0\commons-io-2.11.0.jar;C:\Users\Bruno\.m2\repository\commons-codec\commons-codec\1.15\commons-codec-1.15.jar;C:\Users\Bruno\.m2\repository\org\seleniumhq\selenium\selenium-remote-driver\4.10.0\selenium-remote-driver-4.10.0.jar;C:\Users\Bruno\.m2\repository\com\google\auto\service\auto-service-annotations\1.0.1\auto-service-annotations-1.0.1.jar;C:\Users\Bruno\.m2\repository\com\google\auto\service\auto-service\1.0.1\auto-service-1.0.1.jar;C:\Users\Bruno\.m2\repository\com\google\auto\auto-common\1.2\auto-common-1.2.jar;C:\Users\Bruno\.m2\repository\com\google\guava\guava\31.1-jre\guava-31.1-jre.jar;C:\Users\Bruno\.m2\repository\com\google\guava\failureaccess\1.0.1\failureaccess-1.0.1.jar;C:\Users\Bruno\.m2\repository\com\google\guava\listenablefuture\9999.0-empty-to-avoid-conflict-with-guava\listenablefuture-9999.0-empty-to-avoid-conflict-with-guava.jar;C:\Users\Bruno\.m2\repository\com\google\errorprone\error_prone_annotations\2.11.0\error_prone_annotations-2.11.0.jar;C:\Users\Bruno\.m2\repository\com\google\j2objc\j2objc-annotations\1.3\j2objc-annotations-1.3.jar;C:\Users\Bruno\.m2\repository\io\netty\netty-buffer\4.1.92.Final\netty-buffer-4.1.92.Final.jar;C:\Users\Bruno\.m2\repository\io\netty\netty-codec-http\4.1.92.Final\netty-codec-http-4.1.92.Final.jar;C:\Users\Bruno\.m2\repository\io\netty\netty-codec\4.1.92.Final\netty-codec-4.1.92.Final.jar;C:\Users\Bruno\.m2\repository\io\netty\netty-handler\4.1.92.Final\netty-handler-4.1.92.Final.jar;C:\Users\Bruno\.m2\repository\io\netty\netty-common\4.1.92.Final\netty-common-4.1.92.Final.jar;C:\Users\Bruno\.m2\repository\io\netty\netty-transport-classes-epoll\4.1.92.Final\netty-transport-classes-epoll-4.1.92.Final.jar;C:\Users\Bruno\.m2\repository\io\netty\netty-transport-classes-kqueue\4.1.92.Final\netty-transport-classes-kqueue-4.1.92.Final.jar;C:\Users\Bruno\.m2\repository\io\netty\netty-transport-native-epoll\4.1.92.Final\netty-transport-native-epoll-4.1.92.Final.jar;C:\Users\Bruno\.m2\repository\io\netty\netty-transport-native-kqueue\4.1.92.Final\netty-transport-native-kqueue-4.1.92.Final.jar;C:\Users\Bruno\.m2\repository\io\netty\netty-transport-native-unix-common\4.1.92.Final\netty-transport-native-unix-common-4.1.92.Final.jar;C:\Users\Bruno\.m2\repository\io\netty\netty-transport\4.1.92.Final\netty-transport-4.1.92.Final.jar;C:\Users\Bruno\.m2\repository\io\netty\netty-resolver\4.1.92.Final\netty-resolver-4.1.92.Final.jar;C:\Users\Bruno\.m2\repository\io\opentelemetry\opentelemetry-api\1.25.0\opentelemetry-api-1.25.0.jar;C:\Users\Bruno\.m2\repository\io\opentelemetry\opentelemetry-context\1.25.0\opentelemetry-context-1.25.0.jar;C:\Users\Bruno\.m2\repository\io\opentelemetry\opentelemetry-exporter-logging\1.25.0\opentelemetry-exporter-logging-1.25.0.jar;C:\Users\Bruno\.m2\repository\io\opentelemetry\opentelemetry-sdk-metrics\1.25.0\opentelemetry-sdk-metrics-1.25.0.jar;C:\Users\Bruno\.m2\repository\io\opentelemetry\opentelemetry-sdk-logs\1.25.0-alpha\opentelemetry-sdk-logs-1.25.0-alpha.jar;C:\Users\Bruno\.m2\repository\io\opentelemetry\opentelemetry-api-logs\1.25.0-alpha\opentelemetry-api-logs-1.25.0-alpha.jar;C:\Users\Bruno\.m2\repository\io\opentelemetry\opentelemetry-api-events\1.25.0-alpha\opentelemetry-api-events-1.25.0-alpha.jar;C:\Users\Bruno\.m2\repository\io\opentelemetry\opentelemetry-sdk-common\1.25.0\opentelemetry-sdk-common-1.25.0.jar;C:\Users\Bruno\.m2\repository\io\opentelemetry\opentelemetry-sdk-extension-autoconfigure-spi\1.25.0\opentelemetry-sdk-extension-autoconfigure-spi-1.25.0.jar;C:\Users\Bruno\.m2\repository\io\opentelemetry\opentelemetry-sdk-extension-autoconfigure\1.26.0-alpha\opentelemetry-sdk-extension-autoconfigure-1.26.0-alpha.jar;C:\Users\Bruno\.m2\repository\io\opentelemetry\opentelemetry-sdk-trace\1.25.0\opentelemetry-sdk-trace-1.25.0.jar;C:\Users\Bruno\.m2\repository\io\opentelemetry\opentelemetry-sdk\1.25.0\opentelemetry-sdk-1.25.0.jar;C:\Users\Bruno\.m2\repository\io\opentelemetry\opentelemetry-semconv\1.26.0-alpha\opentelemetry-semconv-1.26.0-alpha.jar;C:\Users\Bruno\.m2\repository\org\apache\commons\commons-exec\1.3\commons-exec-1.3.jar;C:\Users\Bruno\.m2\repository\org\asynchttpclient\async-http-client\2.12.3\async-http-client-2.12.3.jar;C:\Users\Bruno\.m2\repository\org\asynchttpclient\async-http-client-netty-utils\2.12.3\async-http-client-netty-utils-2.12.3.jar;C:\Users\Bruno\.m2\repository\io\netty\netty-codec-socks\4.1.92.Final\netty-codec-socks-4.1.92.Final.jar;C:\Users\Bruno\.m2\repository\io\netty\netty-handler-proxy\4.1.92.Final\netty-handler-proxy-4.1.92.Final.jar;C:\Users\Bruno\.m2\repository\io\netty\netty-transport-native-epoll\4.1.92.Final\netty-transport-native-epoll-4.1.92.Final-linux-x86_64.jar;C:\Users\Bruno\.m2\repository\io\netty\netty-transport-native-kqueue\4.1.92.Final\netty-transport-native-kqueue-4.1.92.Final-osx-x86_64.jar;C:\Users\Bruno\.m2\repository\org\reactivestreams\reactive-streams\1.0.4\reactive-streams-1.0.4.jar;C:\Users\Bruno\.m2\repository\com\typesafe\netty\netty-reactive-streams\2.0.4\netty-reactive-streams-2.0.4.jar;C:\Users\Bruno\.m2\repository\com\sun\activation\jakarta.activation\1.2.2\jakarta.activation-1.2.2.jar;C:\Users\Bruno\.m2\repository\org\seleniumhq\selenium\selenium-api\4.10.0\selenium-api-4.10.0.jar;C:\Users\Bruno\.m2\repository\org\seleniumhq\selenium\selenium-http\4.10.0\selenium-http-4.10.0.jar;C:\Users\Bruno\.m2\repository\dev\failsafe\failsafe\3.3.1\failsafe-3.3.1.jar;C:\Users\Bruno\.m2\repository\org\seleniumhq\selenium\selenium-json\4.10.0\selenium-json-4.10.0.jar;C:\Users\Bruno\.m2\repository\org\seleniumhq\selenium\selenium-manager\4.10.0\selenium-manager-4.10.0.jar;C:\Users\Bruno\.m2\repository\org\seleniumhq\selenium\selenium-java\4.10.0\selenium-java-4.10.0.jar;C:\Users\Bruno\.m2\repository\org\seleniumhq\selenium\selenium-chrome-driver\4.10.0\selenium-chrome-driver-4.10.0.jar;C:\Users\Bruno\.m2\repository\org\seleniumhq\selenium\selenium-chromium-driver\4.10.0\selenium-chromium-driver-4.10.0.jar;C:\Users\Bruno\.m2\repository\org\seleniumhq\selenium\selenium-devtools-v112\4.10.0\selenium-devtools-v112-4.10.0.jar;C:\Users\Bruno\.m2\repository\org\seleniumhq\selenium\selenium-devtools-v113\4.10.0\selenium-devtools-v113-4.10.0.jar;C:\Users\Bruno\.m2\repository\org\seleniumhq\selenium\selenium-devtools-v114\4.10.0\selenium-devtools-v114-4.10.0.jar;C:\Users\Bruno\.m2\repository\org\seleniumhq\selenium\selenium-devtools-v85\4.10.0\selenium-devtools-v85-4.10.0.jar;C:\Users\Bruno\.m2\repository\org\seleniumhq\selenium\selenium-edge-driver\4.10.0\selenium-edge-driver-4.10.0.jar;C:\Users\Bruno\.m2\repository\org\seleniumhq\selenium\selenium-firefox-driver\4.10.0\selenium-firefox-driver-4.10.0.jar;C:\Users\Bruno\.m2\repository\org\seleniumhq\selenium\selenium-ie-driver\4.10.0\selenium-ie-driver-4.10.0.jar;C:\Users\Bruno\.m2\repository\org\seleniumhq\selenium\selenium-safari-driver\4.10.0\selenium-safari-driver-4.10.0.jar;C:\Users\Bruno\.m2\repository\org\seleniumhq\selenium\selenium-support\4.10.0\selenium-support-4.10.0.jar;C:\Users\Bruno\.m2\repository\org\junit\platform\junit-platform-engine\1.9.3\junit-platform-engine-1.9.3.jar;C:\Users\Bruno\.m2\repository\org\javassist\javassist\3.28.0-GA\javassist-3.28.0-GA.jar;C:\Users\Bruno\.m2\repository\com\vaadin\license-checker\1.12.3\license-checker-1.12.3.jar;C:\Users\Bruno\.m2\repository\com\github\oshi\oshi-core\6.4.1\oshi-core-6.4.1.jar;C:\Users\Bruno\.m2\repository\net\java\dev\jna\jna\5.13.0\jna-5.13.0.jar;C:\Users\Bruno\.m2\repository\net\java\dev\jna\jna-platform\5.13.0\jna-platform-5.13.0.jar;C:\Users\Bruno\.m2\repository\com\nimbusds\nimbus-jose-jwt\9.31\nimbus-jose-jwt-9.31.jar;C:\Users\Bruno\.m2\repository\org\lucee\jcip-annotations\1.0.0\jcip-annotations-1.0.0.jar;C:\Users\Bruno\.m2\repository\com\vaadin\open\8.5.0\open-8.5.0.jar;C:\Users\Bruno\.m2\repository\com\vaadin\external\gwt\gwt-elemental\2.8.2.vaadin2\gwt-elemental-2.8.2.vaadin2.jar;C:\Users\Bruno\.m2\repository\com\vaadin\vaadin-testbench-unit-junit5\9.0.5\vaadin-testbench-unit-junit5-9.0.5.jar;C:\Users\Bruno\.m2\repository\com\vaadin\vaadin-testbench-unit-shared\9.0.5\vaadin-testbench-unit-shared-9.0.5.jar;C:\Users\Bruno\.m2\repository\io\github\classgraph\classgraph\4.8.146\classgraph-4.8.146.jar;C:\Users\Bruno\.m2\repository\jakarta\servlet\jakarta.servlet-api\6.0.0\jakarta.servlet-api-6.0.0.jar;C:\Users\Bruno\.m2\repository\org\jetbrains\kotlin\kotlin-stdlib-jdk8\1.8.21\kotlin-stdlib-jdk8-1.8.21.jar;C:\Users\Bruno\.m2\repository\org\jetbrains\kotlin\kotlin-stdlib\1.8.21\kotlin-stdlib-1.8.21.jar;C:\Users\Bruno\.m2\repository\org\jetbrains\kotlin\kotlin-stdlib-common\1.8.21\kotlin-stdlib-common-1.8.21.jar;C:\Users\Bruno\.m2\repository\org\jetbrains\annotations\13.0\annotations-13.0.jar;C:\Users\Bruno\.m2\repository\org\jetbrains\kotlin\kotlin-stdlib-jdk7\1.8.21\kotlin-stdlib-jdk7-1.8.21.jar;C:\Users\Bruno\.m2\repository\org\jetbrains\kotlin\kotlin-reflect\1.8.21\kotlin-reflect-1.8.21.jar;C:\Users\Bruno\.m2\repository\com\vaadin\vaadin-testbench-shared\9.0.5\vaadin-testbench-shared-9.0.5.jar;C:\Users\Bruno\.m2\repository\org\seleniumhq\selenium\selenium-http-jdk-client\4.10.0\selenium-http-jdk-client-4.10.0.jar;C:\Users\Bruno\.m2\repository\com\vaadin\flow-html-components-testbench\24.1.5\flow-html-components-testbench-24.1.5.jar;C:\Users\Bruno\.m2\repository\com\vaadin\vaadin-accordion-testbench\24.1.4\vaadin-accordion-testbench-24.1.4.jar;C:\Users\Bruno\.m2\repository\com\vaadin\vaadin-app-layout-testbench\24.1.4\vaadin-app-layout-testbench-24.1.4.jar;C:\Users\Bruno\.m2\repository\com\vaadin\vaadin-avatar-testbench\24.1.4\vaadin-avatar-testbench-24.1.4.jar;C:\Users\Bruno\.m2\repository\com\vaadin\vaadin-board-testbench\24.1.4\vaadin-board-testbench-24.1.4.jar;C:\Users\Bruno\.m2\repository\com\vaadin\vaadin-button-testbench\24.1.4\vaadin-button-testbench-24.1.4.jar;C:\Users\Bruno\.m2\repository\com\vaadin\vaadin-charts-testbench\24.1.4\vaadin-charts-testbench-24.1.4.jar;C:\Users\Bruno\.m2\repository\com\vaadin\vaadin-checkbox-testbench\24.1.4\vaadin-checkbox-testbench-24.1.4.jar;C:\Users\Bruno\.m2\repository\com\vaadin\vaadin-combo-box-testbench\24.1.4\vaadin-combo-box-testbench-24.1.4.jar;C:\Users\Bruno\.m2\repository\com\vaadin\vaadin-confirm-dialog-testbench\24.1.4\vaadin-confirm-dialog-testbench-24.1.4.jar;C:\Users\Bruno\.m2\repository\com\vaadin\vaadin-context-menu-testbench\24.1.4\vaadin-context-menu-testbench-24.1.4.jar;C:\Users\Bruno\.m2\repository\com\vaadin\vaadin-cookie-consent-testbench\24.1.4\vaadin-cookie-consent-testbench-24.1.4.jar;C:\Users\Bruno\.m2\repository\com\vaadin\vaadin-cookie-consent-flow\24.1.4\vaadin-cookie-consent-flow-24.1.4.jar;C:\Users\Bruno\.m2\repository\com\vaadin\vaadin-crud-testbench\24.1.4\vaadin-crud-testbench-24.1.4.jar;C:\Users\Bruno\.m2\repository\com\vaadin\vaadin-custom-field-testbench\24.1.4\vaadin-custom-field-testbench-24.1.4.jar;C:\Users\Bruno\.m2\repository\com\vaadin\vaadin-date-picker-testbench\24.1.4\vaadin-date-picker-testbench-24.1.4.jar;C:\Users\Bruno\.m2\repository\com\vaadin\vaadin-date-time-picker-testbench\24.1.4\vaadin-date-time-picker-testbench-24.1.4.jar;C:\Users\Bruno\.m2\repository\com\vaadin\vaadin-details-testbench\24.1.4\vaadin-details-testbench-24.1.4.jar;C:\Users\Bruno\.m2\repository\com\vaadin\vaadin-dialog-testbench\24.1.4\vaadin-dialog-testbench-24.1.4.jar;C:\Users\Bruno\.m2\repository\com\vaadin\vaadin-form-layout-testbench\24.1.4\vaadin-form-layout-testbench-24.1.4.jar;C:\Users\Bruno\.m2\repository\com\vaadin\vaadin-grid-testbench\24.1.4\vaadin-grid-testbench-24.1.4.jar;C:\Users\Bruno\.m2\repository\com\vaadin\vaadin-grid-pro-testbench\24.1.4\vaadin-grid-pro-testbench-24.1.4.jar;C:\Users\Bruno\.m2\repository\com\vaadin\vaadin-icons-testbench\24.1.4\vaadin-icons-testbench-24.1.4.jar;C:\Users\Bruno\.m2\repository\com\vaadin\vaadin-virtual-list-testbench\24.1.4\vaadin-virtual-list-testbench-24.1.4.jar;C:\Users\Bruno\.m2\repository\com\vaadin\vaadin-list-box-testbench\24.1.4\vaadin-list-box-testbench-24.1.4.jar;C:\Users\Bruno\.m2\repository\com\vaadin\vaadin-login-testbench\24.1.4\vaadin-login-testbench-24.1.4.jar;C:\Users\Bruno\.m2\repository\com\vaadin\vaadin-menu-bar-testbench\24.1.4\vaadin-menu-bar-testbench-24.1.4.jar;C:\Users\Bruno\.m2\repository\com\vaadin\vaadin-messages-testbench\24.1.4\vaadin-messages-testbench-24.1.4.jar;C:\Users\Bruno\.m2\repository\com\vaadin\vaadin-notification-testbench\24.1.4\vaadin-notification-testbench-24.1.4.jar;C:\Users\Bruno\.m2\repository\com\vaadin\vaadin-ordered-layout-testbench\24.1.4\vaadin-ordered-layout-testbench-24.1.4.jar;C:\Users\Bruno\.m2\repository\com\vaadin\vaadin-progress-bar-testbench\24.1.4\vaadin-progress-bar-testbench-24.1.4.jar;C:\Users\Bruno\.m2\repository\com\vaadin\vaadin-radio-button-testbench\24.1.4\vaadin-radio-button-testbench-24.1.4.jar;C:\Users\Bruno\.m2\repository\com\vaadin\vaadin-rich-text-editor-testbench\24.1.4\vaadin-rich-text-editor-testbench-24.1.4.jar;C:\Users\Bruno\.m2\repository\com\vaadin\vaadin-select-testbench\24.1.4\vaadin-select-testbench-24.1.4.jar;C:\Users\Bruno\.m2\repository\com\vaadin\vaadin-split-layout-testbench\24.1.4\vaadin-split-layout-testbench-24.1.4.jar;C:\Users\Bruno\.m2\repository\com\vaadin\vaadin-tabs-testbench\24.1.4\vaadin-tabs-testbench-24.1.4.jar;C:\Users\Bruno\.m2\repository\com\vaadin\vaadin-text-field-testbench\24.1.4\vaadin-text-field-testbench-24.1.4.jar;C:\Users\Bruno\.m2\repository\com\vaadin\vaadin-time-picker-testbench\24.1.4\vaadin-time-picker-testbench-24.1.4.jar;C:\Users\Bruno\.m2\repository\com\vaadin\vaadin-upload-testbench\24.1.4\vaadin-upload-testbench-24.1.4.jar;C:\Users\Bruno\.m2\repository\org\postgresql\postgresql\42.6.0\postgresql-42.6.0.jar;C:\Users\Bruno\.m2\repository\org\checkerframework\checker-qual\3.31.0\checker-qual-3.31.0.jar;"/>
    <property name="sun.cpu.endian" value="little"/>
    <property name="user.home" value="C:\Users\Bruno"/>
    <property name="user.language" value="en"/>
    <property name="java.specification.vendor" value="Oracle Corporation"/>
    <property name="java.version.date" value="2023-01-17"/>
    <property name="java.home" value="D:\Program Files\Java\jdk-19"/>
    <property name="file.separator" value="\"/>
    <property name="basedir" value="D:\Users\Bruno\Documents\workspace-spring-tool-suite-4-4.18.0.RELEASE\flow-crm-tutorial\flow-crm-tutorial"/>
    <property name="java.vm.compressedOopsMode" value="Zero based"/>
    <property name="line.separator" value="&#10;"/>
    <property name="java.vm.specification.vendor" value="Oracle Corporation"/>
    <property name="java.specification.name" value="Java Platform API Specification"/>
    <property name="FILE_LOG_CHARSET" value="UTF-8"/>
    <property name="java.awt.headless" value="true"/>
    <property name="surefire.real.class.path" value="C:\Users\Bruno\AppData\Local\Temp\surefire3094761395075056087\surefirebooter-20230819171526505_3.jar"/>
    <property name="user.script" value=""/>
    <property name="sun.management.compiler" value="HotSpot 64-Bit Tiered Compilers"/>
    <property name="java.runtime.version" value="19.0.2+7-44"/>
    <property name="user.name" value="Bruno"/>
    <property name="stdout.encoding" value="Cp1252"/>
    <property name="path.separator" value=";"/>
    <property name="os.version" value="10.0"/>
    <property name="java.runtime.name" value="Java(TM) SE Runtime Environment"/>
    <property name="file.encoding" value="UTF-8"/>
    <property name="jnidispatch.path" value="C:\Users\Bruno\AppData\Local\Temp\jna-64464518\jna9383088153238863626.dll"/>
    <property name="java.vm.name" value="Java HotSpot(TM) 64-Bit Server VM"/>
    <property name="localRepository" value="C:\Users\Bruno\.m2\repository"/>
    <property name="jna.loaded" value="true"/>
    <property name="java.vendor.url.bug" value="https://bugreport.java.com/bugreport/"/>
    <property name="java.io.tmpdir" value="C:\Users\Bruno\AppData\Local\Temp\"/>
    <property name="com.zaxxer.hikari.pool_number" value="1"/>
    <property name="java.version" value="19.0.2"/>
    <property name="user.dir" value="D:\Users\Bruno\Documents\workspace-spring-tool-suite-4-4.18.0.RELEASE\flow-crm-tutorial\flow-crm-tutorial"/>
    <property name="os.arch" value="amd64"/>
    <property name="java.vm.specification.name" value="Java Virtual Machine Specification"/>
    <property name="PID" value="12016"/>
    <property name="user.language.format" value="es"/>
    <property name="sun.os.patch.level" value=""/>
    <property name="CONSOLE_LOG_CHARSET" value="UTF-8"/>
    <property name="native.encoding" value="Cp1252"/>
    <property name="java.library.path" value="D:\Program Files\Java\jdk-19\bin;C:\Windows\Sun\Java\bin;C:\Windows\system32;C:\Windows;C:\Users\Bruno\bin;D:\Program Files\Git\mingw64\bin;D:\Program Files\Git\usr\local\bin;D:\Program Files\Git\usr\bin;D:\Program Files\Git\usr\bin;D:\Program Files\Git\mingw64\bin;D:\Program Files\Git\usr\bin;C:\Users\Bruno\bin;D:\Program Files\sts-4.18.0.RELEASE\plugins\org.eclipse.justj.openjdk.hotspot.jre.full.win32.x86_64_17.0.6.v20230204-1729\jre\bin\server;D:\Program Files\sts-4.18.0.RELEASE\plugins\org.eclipse.justj.openjdk.hotspot.jre.full.win32.x86_64_17.0.6.v20230204-1729\jre\bin;C:\Program Files (x86)\Microsoft SDKs\Azure\CLI2\wbin;D:\Program Files\Common Files\Oracle\Java\javapath;C:\Windows\system32;C:\Windows;C:\Windows\System32\Wbem;C:\Windows\System32\WindowsPowerShell\v1.0;C:\Windows\System32\OpenSSH;D:\Program Files\Java\jdk-19;D:\Program Files\Git\cmd;D:\Program Files\MySQL\MySQL Server 8.0\bin;D:\Program Files\Java\jdk-19\bin;D:\Program Files\Maven\apache-maven-3.9.3\bin;D:\Program Files\Docker\Docker\resources\bin;D:\Program Files\MySQL\MySQL Shell 8.0\bin;C:\Users\Bruno\AppData\Local\Microsoft\WindowsApps;D:\Program Files\heroku\bin;D:\Users\Bruno\AppData\Local\Programs\Microsoft VS Code\bin;D:\Program Files\sts-4.18.0.RELEASE;D:\Program Files\Git\usr\bin\vendor_perl;D:\Program Files\Git\usr\bin\core_perl;."/>
    <property name="java.vm.info" value="mixed mode, sharing"/>
    <property name="stderr.encoding" value="Cp1252"/>
    <property name="java.vendor" value="Oracle Corporation"/>
    <property name="java.vm.version" value="19.0.2+7-44"/>
    <property name="sun.io.unicode.encoding" value="UnicodeLittle"/>
    <property name="java.class.version" value="63.0"/>
  </properties>
  <testcase name="loginAsInvalidUserFails" classname="com.example.application.it.LoginE2ETest" time="0">
    <error type="java.lang.ExceptionInInitializerError"><![CDATA[java.lang.ExceptionInInitializerError
	at com.vaadin.pro.licensechecker.LicenseChecker.checkLicenseFromStaticBlock(LicenseChecker.java:82)
	at com.vaadin.testbench.TestBenchVersion.<clinit>(TestBenchVersion.java:44)
	at com.vaadin.testbench.TestBench.<clinit>(TestBench.java:34)
	at com.vaadin.testbench.browser.BrowserExtension.<clinit>(BrowserExtension.java:51)
	at com.vaadin.testbench.browser.MultipleBrowsersExtension$CapabilitiesTestTemplateInvocationContext.getAdditionalExtensions(MultipleBrowsersExtension.java:80)
	at org.junit.jupiter.engine.descriptor.TestTemplateInvocationTestDescriptor.populateNewExtensionRegistry(TestTemplateInvocationTestDescriptor.java:68)
	at org.junit.jupiter.engine.descriptor.TestMethodTestDescriptor.prepare(TestMethodTestDescriptor.java:99)
	at org.junit.jupiter.engine.descriptor.TestMethodTestDescriptor.prepare(TestMethodTestDescriptor.java:68)
	at org.junit.platform.engine.support.hierarchical.NodeTestTask.lambda$prepare$2(NodeTestTask.java:123)
	at org.junit.platform.engine.support.hierarchical.ThrowableCollector.execute(ThrowableCollector.java:73)
	at org.junit.platform.engine.support.hierarchical.NodeTestTask.prepare(NodeTestTask.java:123)
	at org.junit.platform.engine.support.hierarchical.NodeTestTask.execute(NodeTestTask.java:90)
	at org.junit.platform.engine.support.hierarchical.ForkJoinPoolHierarchicalTestExecutorService$ExclusiveTask.compute(ForkJoinPoolHierarchicalTestExecutorService.java:202)
	at java.base/java.util.concurrent.RecursiveAction.exec(RecursiveAction.java:194)
	at java.base/java.util.concurrent.ForkJoinTask.doExec(ForkJoinTask.java:387)
	at java.base/java.util.concurrent.ForkJoinPool$WorkQueue.tryRemoveAndExec(ForkJoinPool.java:1350)
	at java.base/java.util.concurrent.ForkJoinTask.awaitDone(ForkJoinTask.java:422)
	at java.base/java.util.concurrent.ForkJoinTask.get(ForkJoinTask.java:991)
	at org.junit.platform.engine.support.hierarchical.NodeTestTask$DefaultDynamicTestExecutor.awaitFinished(NodeTestTask.java:236)
	at org.junit.platform.engine.support.hierarchical.ThrowableCollector.execute(ThrowableCollector.java:73)
	at org.junit.platform.engine.support.hierarchical.NodeTestTask.lambda$executeRecursively$6(NodeTestTask.java:158)
	at org.junit.platform.engine.support.hierarchical.ThrowableCollector.execute(ThrowableCollector.java:73)
	at org.junit.platform.engine.support.hierarchical.NodeTestTask.lambda$executeRecursively$8(NodeTestTask.java:141)
	at org.junit.platform.engine.support.hierarchical.Node.around(Node.java:137)
	at org.junit.platform.engine.support.hierarchical.NodeTestTask.lambda$executeRecursively$9(NodeTestTask.java:139)
	at org.junit.platform.engine.support.hierarchical.ThrowableCollector.execute(ThrowableCollector.java:73)
	at org.junit.platform.engine.support.hierarchical.NodeTestTask.executeRecursively(NodeTestTask.java:138)
	at org.junit.platform.engine.support.hierarchical.NodeTestTask.execute(NodeTestTask.java:95)
	at org.junit.platform.engine.support.hierarchical.ForkJoinPoolHierarchicalTestExecutorService$ExclusiveTask.compute(ForkJoinPoolHierarchicalTestExecutorService.java:202)
	at java.base/java.util.concurrent.RecursiveAction.exec(RecursiveAction.java:194)
	at java.base/java.util.concurrent.ForkJoinTask.doExec(ForkJoinTask.java:387)
	at java.base/java.util.concurrent.ForkJoinPool$WorkQueue.topLevelExec(ForkJoinPool.java:1311)
	at java.base/java.util.concurrent.ForkJoinPool.scan(ForkJoinPool.java:1841)
	at java.base/java.util.concurrent.ForkJoinPool.runWorker(ForkJoinPool.java:1806)
	at java.base/java.util.concurrent.ForkJoinWorkerThread.run(ForkJoinWorkerThread.java:177)
Caused by: com.vaadin.pro.licensechecker.LicenseException: The provided license key does not allow usage of vaadin-testbench 9.0.5. Check that the license has not expired and that the product you are trying to use does not require another type of subscription.
	at com.vaadin.pro.licensechecker.LicenseChecker.checkLicense(LicenseChecker.java:243)
	at com.vaadin.pro.licensechecker.LicenseChecker.checkLicense(LicenseChecker.java:226)
	at com.vaadin.pro.licensechecker.LicenseChecker.checkLicense(LicenseChecker.java:129)
	at com.vaadin.pro.licensechecker.LicenseChecker.checkLicense(LicenseChecker.java:104)
	at com.vaadin.pro.licensechecker.LicenseChecker.checkLicenseFromStaticBlock(LicenseChecker.java:80)
	... 34 more
]]></error>
    <system-out><![CDATA[17:15:31.316 [ForkJoinPool-1-worker-1] INFO org.springframework.test.context.support.AnnotationConfigContextLoaderUtils -- Could not detect default configuration classes for test class [com.example.application.views.list.ListViewTest]: ListViewTest does not declare any static, non-private, non-final, nested classes annotated with @Configuration.
17:15:31.498 [ForkJoinPool-1-worker-1] INFO org.springframework.boot.test.context.SpringBootTestContextBootstrapper -- Found @SpringBootConfiguration com.example.application.Application for test class com.example.application.views.list.ListViewTest
  _____ _                  ____ ____  __  __   _____      _             _       _ 
 |  ___| | _____      __  / ___|  _ \|  \/  | |_   _|   _| |_ ___  _ __(_) __ _| |
 | |_  | |/ _ \ \ /\ / / | |   | |_) | |\/| |   | || | | | __/ _ \| '__| |/ _` | |
 |  _| | | (_) \ V  V /  | |___|  _ <| |  | |   | || |_| | || (_) | |  | | (_| | |
 |_|   |_|\___/ \_/\_/    \____|_| \_\_|  |_|   |_| \__,_|\__\___/|_|  |_|\__,_|_|
                                                                                  

2023-08-19T17:15:32.419-03:00  INFO 12016 --- [Pool-1-worker-1] c.e.application.views.list.ListViewTest  : Starting ListViewTest using Java 19.0.2 with PID 12016 (started by Bruno in D:\Users\Bruno\Documents\workspace-spring-tool-suite-4-4.18.0.RELEASE\flow-crm-tutorial\flow-crm-tutorial)
2023-08-19T17:15:32.422-03:00  INFO 12016 --- [Pool-1-worker-1] c.e.application.views.list.ListViewTest  : No active profile set, falling back to 1 default profile: "default"
2023-08-19T17:15:32.846-03:00  INFO 12016 --- [Pool-1-worker-3] c.v.pro.licensechecker.LicenseChecker    : vaadin-testbench:9.0.5 is a pro-products-202210 or prime-products-202210 or enterprise-products-202210 or ultimate-products-202210 or hilla-pro-products-202212 component and you have no subscription.
Go to https://vaadin.com/pricing for information about upgrading your subscription or contact sales@vaadin.com to discuss your options in person.

]]></system-out>
  </testcase>
  <testcase name="loginAsValidUserSucceeds" classname="com.example.application.it.LoginE2ETest" time="0">
    <error message="Could not initialize class com.vaadin.testbench.browser.BrowserExtension" type="java.lang.NoClassDefFoundError"><![CDATA[java.lang.NoClassDefFoundError: Could not initialize class com.vaadin.testbench.browser.BrowserExtension
	at com.vaadin.testbench.browser.MultipleBrowsersExtension$CapabilitiesTestTemplateInvocationContext.getAdditionalExtensions(MultipleBrowsersExtension.java:80)
	at org.junit.jupiter.engine.descriptor.TestTemplateInvocationTestDescriptor.populateNewExtensionRegistry(TestTemplateInvocationTestDescriptor.java:68)
	at org.junit.jupiter.engine.descriptor.TestMethodTestDescriptor.prepare(TestMethodTestDescriptor.java:99)
	at org.junit.jupiter.engine.descriptor.TestMethodTestDescriptor.prepare(TestMethodTestDescriptor.java:68)
	at org.junit.platform.engine.support.hierarchical.NodeTestTask.lambda$prepare$2(NodeTestTask.java:123)
	at org.junit.platform.engine.support.hierarchical.ThrowableCollector.execute(ThrowableCollector.java:73)
	at org.junit.platform.engine.support.hierarchical.NodeTestTask.prepare(NodeTestTask.java:123)
	at org.junit.platform.engine.support.hierarchical.NodeTestTask.execute(NodeTestTask.java:90)
	at org.junit.platform.engine.support.hierarchical.ForkJoinPoolHierarchicalTestExecutorService$ExclusiveTask.compute(ForkJoinPoolHierarchicalTestExecutorService.java:202)
	at java.base/java.util.concurrent.RecursiveAction.exec(RecursiveAction.java:194)
	at java.base/java.util.concurrent.ForkJoinTask.doExec(ForkJoinTask.java:387)
	at java.base/java.util.concurrent.ForkJoinPool$WorkQueue.tryRemoveAndExec(ForkJoinPool.java:1350)
	at java.base/java.util.concurrent.ForkJoinTask.awaitDone(ForkJoinTask.java:422)
	at java.base/java.util.concurrent.ForkJoinTask.get(ForkJoinTask.java:991)
	at org.junit.platform.engine.support.hierarchical.NodeTestTask$DefaultDynamicTestExecutor.awaitFinished(NodeTestTask.java:236)
	at org.junit.platform.engine.support.hierarchical.ThrowableCollector.execute(ThrowableCollector.java:73)
	at org.junit.platform.engine.support.hierarchical.NodeTestTask.lambda$executeRecursively$6(NodeTestTask.java:158)
	at org.junit.platform.engine.support.hierarchical.ThrowableCollector.execute(ThrowableCollector.java:73)
	at org.junit.platform.engine.support.hierarchical.NodeTestTask.lambda$executeRecursively$8(NodeTestTask.java:141)
	at org.junit.platform.engine.support.hierarchical.Node.around(Node.java:137)
	at org.junit.platform.engine.support.hierarchical.NodeTestTask.lambda$executeRecursively$9(NodeTestTask.java:139)
	at org.junit.platform.engine.support.hierarchical.ThrowableCollector.execute(ThrowableCollector.java:73)
	at org.junit.platform.engine.support.hierarchical.NodeTestTask.executeRecursively(NodeTestTask.java:138)
	at org.junit.platform.engine.support.hierarchical.NodeTestTask.execute(NodeTestTask.java:95)
	at org.junit.platform.engine.support.hierarchical.ForkJoinPoolHierarchicalTestExecutorService$ExclusiveTask.compute(ForkJoinPoolHierarchicalTestExecutorService.java:202)
	at java.base/java.util.concurrent.RecursiveAction.exec(RecursiveAction.java:194)
	at java.base/java.util.concurrent.ForkJoinTask.doExec(ForkJoinTask.java:387)
	at java.base/java.util.concurrent.ForkJoinPool$WorkQueue.tryRemoveAndExec(ForkJoinPool.java:1350)
	at java.base/java.util.concurrent.ForkJoinTask.awaitDone(ForkJoinTask.java:422)
	at java.base/java.util.concurrent.ForkJoinTask.join(ForkJoinTask.java:651)
	at org.junit.platform.engine.support.hierarchical.ForkJoinPoolHierarchicalTestExecutorService.joinConcurrentTasksInReverseOrderToEnableWorkStealing(ForkJoinPoolHierarchicalTestExecutorService.java:179)
	at org.junit.platform.engine.support.hierarchical.ForkJoinPoolHierarchicalTestExecutorService.invokeAll(ForkJoinPoolHierarchicalTestExecutorService.java:153)
	at org.junit.platform.engine.support.hierarchical.NodeTestTask.lambda$executeRecursively$6(NodeTestTask.java:155)
	at org.junit.platform.engine.support.hierarchical.ThrowableCollector.execute(ThrowableCollector.java:73)
	at org.junit.platform.engine.support.hierarchical.NodeTestTask.lambda$executeRecursively$8(NodeTestTask.java:141)
	at org.junit.platform.engine.support.hierarchical.Node.around(Node.java:137)
	at org.junit.platform.engine.support.hierarchical.NodeTestTask.lambda$executeRecursively$9(NodeTestTask.java:139)
	at org.junit.platform.engine.support.hierarchical.ThrowableCollector.execute(ThrowableCollector.java:73)
	at org.junit.platform.engine.support.hierarchical.NodeTestTask.executeRecursively(NodeTestTask.java:138)
	at org.junit.platform.engine.support.hierarchical.NodeTestTask.execute(NodeTestTask.java:95)
	at org.junit.platform.engine.support.hierarchical.ForkJoinPoolHierarchicalTestExecutorService$ExclusiveTask.compute(ForkJoinPoolHierarchicalTestExecutorService.java:202)
	at java.base/java.util.concurrent.RecursiveAction.exec(RecursiveAction.java:194)
	at java.base/java.util.concurrent.ForkJoinTask.doExec(ForkJoinTask.java:387)
	at java.base/java.util.concurrent.ForkJoinPool$WorkQueue.topLevelExec(ForkJoinPool.java:1311)
	at java.base/java.util.concurrent.ForkJoinPool.scan(ForkJoinPool.java:1841)
	at java.base/java.util.concurrent.ForkJoinPool.runWorker(ForkJoinPool.java:1806)
	at java.base/java.util.concurrent.ForkJoinWorkerThread.run(ForkJoinWorkerThread.java:177)
Caused by: java.lang.ExceptionInInitializerError: Exception java.lang.ExceptionInInitializerError [in thread "ForkJoinPool-1-worker-3"]
	at com.vaadin.pro.licensechecker.LicenseChecker.checkLicenseFromStaticBlock(LicenseChecker.java:82)
	at com.vaadin.testbench.TestBenchVersion.<clinit>(TestBenchVersion.java:44)
	at com.vaadin.testbench.TestBench.<clinit>(TestBench.java:34)
	at com.vaadin.testbench.browser.BrowserExtension.<clinit>(BrowserExtension.java:51)
	at com.vaadin.testbench.browser.MultipleBrowsersExtension$CapabilitiesTestTemplateInvocationContext.getAdditionalExtensions(MultipleBrowsersExtension.java:80)
	at org.junit.jupiter.engine.descriptor.TestTemplateInvocationTestDescriptor.populateNewExtensionRegistry(TestTemplateInvocationTestDescriptor.java:68)
	at org.junit.jupiter.engine.descriptor.TestMethodTestDescriptor.prepare(TestMethodTestDescriptor.java:99)
	at org.junit.jupiter.engine.descriptor.TestMethodTestDescriptor.prepare(TestMethodTestDescriptor.java:68)
	at org.junit.platform.engine.support.hierarchical.NodeTestTask.lambda$prepare$2(NodeTestTask.java:123)
	at org.junit.platform.engine.support.hierarchical.ThrowableCollector.execute(ThrowableCollector.java:73)
	at org.junit.platform.engine.support.hierarchical.NodeTestTask.prepare(NodeTestTask.java:123)
	at org.junit.platform.engine.support.hierarchical.NodeTestTask.execute(NodeTestTask.java:90)
	at org.junit.platform.engine.support.hierarchical.ForkJoinPoolHierarchicalTestExecutorService$ExclusiveTask.compute(ForkJoinPoolHierarchicalTestExecutorService.java:202)
	at java.base/java.util.concurrent.RecursiveAction.exec(RecursiveAction.java:194)
	at java.base/java.util.concurrent.ForkJoinTask.doExec(ForkJoinTask.java:387)
	at java.base/java.util.concurrent.ForkJoinPool$WorkQueue.tryRemoveAndExec(ForkJoinPool.java:1350)
	at java.base/java.util.concurrent.ForkJoinTask.awaitDone(ForkJoinTask.java:422)
	at java.base/java.util.concurrent.ForkJoinTask.get(ForkJoinTask.java:991)
	at org.junit.platform.engine.support.hierarchical.NodeTestTask$DefaultDynamicTestExecutor.awaitFinished(NodeTestTask.java:236)
	at org.junit.platform.engine.support.hierarchical.ThrowableCollector.execute(ThrowableCollector.java:73)
	at org.junit.platform.engine.support.hierarchical.NodeTestTask.lambda$executeRecursively$6(NodeTestTask.java:158)
	... 14 more
]]></error>
  </testcase>
</testsuite>